#
# There is insufficient memory for the Java Runtime Environment to continue.
# Native memory allocation (mmap) failed to map 569376768 bytes for committing reserved memory.
# Possible reasons:
#   The system is out of physical RAM or swap space
#   In 32 bit mode, the process size limit was hit
# Possible solutions:
#   Reduce memory load on the system
#   Increase physical memory or swap space
#   Check if swap backing store is full
#   Use 64 bit Java on a 64 bit OS
#   Decrease Java heap size (-Xmx/-Xms)
#   Decrease number of Java threads
#   Decrease Java thread stack sizes (-Xss)
#   Set larger code cache with -XX:ReservedCodeCacheSize=
# This output file may be truncated or incomplete.
#
#  Out of Memory Error (os_linux.cpp:2640), pid=23697, tid=0x00007f36642ad700
#
# JRE version: Java(TM) SE Runtime Environment (8.0_131-b11) (build 1.8.0_131-b11)
# Java VM: Java HotSpot(TM) 64-Bit Server VM (25.131-b11 mixed mode linux-amd64 compressed oops)
# Failed to write core dump. Core dumps have been disabled. To enable core dumping, try "ulimit -c unlimited" before starting Java again
#

---------------  T H R E A D  ---------------

Current thread (0x00007f3680080000):  VMThread [stack: 0x00007f36641ad000,0x00007f36642ae000] [id=23711]

Stack: [0x00007f36641ad000,0x00007f36642ae000],  sp=0x00007f36642ac2a0,  free space=1020k
Native frames: (J=compiled Java code, j=interpreted, Vv=VM code, C=native code)
V  [libjvm.so+0xac826a]  VMError::report_and_die()+0x2ba
V  [libjvm.so+0x4fd4cb]  report_vm_out_of_memory(char const*, int, unsigned long, VMErrorType, char const*)+0x8b
V  [libjvm.so+0x924f53]  os::Linux::commit_memory_impl(char*, unsigned long, bool)+0x103
V  [libjvm.so+0x9254a9]  os::pd_commit_memory(char*, unsigned long, unsigned long, bool)+0x29
V  [libjvm.so+0x91f6ca]  os::commit_memory(char*, unsigned long, unsigned long, bool)+0x2a
V  [libjvm.so+0x9941e3]  PSVirtualSpace::expand_by(unsigned long)+0x53
V  [libjvm.so+0x9955e8]  PSYoungGen::resize_generation(unsigned long, unsigned long)+0xf8
V  [libjvm.so+0x994742]  PSYoungGen::resize(unsigned long, unsigned long)+0x22
V  [libjvm.so+0x991a1b]  PSScavenge::invoke_no_policy()+0xf3b
V  [libjvm.so+0x9921a1]  PSScavenge::invoke()+0x41
V  [libjvm.so+0x948f00]  ParallelScavengeHeap::failed_mem_allocate(unsigned long)+0x70
V  [libjvm.so+0xac9c87]  VM_ParallelGCFailedAllocation::doit()+0x97
V  [libjvm.so+0xad1765]  VM_Operation::evaluate()+0x55
V  [libjvm.so+0xacfb3a]  VMThread::evaluate_operation(VM_Operation*)+0xba
V  [libjvm.so+0xacfebe]  VMThread::loop()+0x1ce
V  [libjvm.so+0xad0330]  VMThread::run()+0x70
V  [libjvm.so+0x927568]  java_start(Thread*)+0x108

VM_Operation (0x00007f368743f460): ParallelGCFailedAllocation, mode: safepoint, requested by thread 0x00007f368000a000


---------------  P R O C E S S  ---------------

Java Threads: ( => current thread )
  0x00007f36800ca800 JavaThread "Service Thread" daemon [_thread_blocked, id=23719, stack(0x00007f363f621000,0x00007f363f722000)]
  0x00007f36800c8000 JavaThread "C1 CompilerThread3" daemon [_thread_blocked, id=23718, stack(0x00007f363f722000,0x00007f363f823000)]
  0x00007f36800c6000 JavaThread "C2 CompilerThread2" daemon [_thread_blocked, id=23717, stack(0x00007f363f823000,0x00007f363f924000)]
  0x00007f36800c4000 JavaThread "C2 CompilerThread1" daemon [_thread_blocked, id=23716, stack(0x00007f363f924000,0x00007f363fa25000)]
  0x00007f36800c1000 JavaThread "C2 CompilerThread0" daemon [_thread_blocked, id=23715, stack(0x00007f363fa25000,0x00007f363fb26000)]
  0x00007f36800c0000 JavaThread "Signal Dispatcher" daemon [_thread_blocked, id=23714, stack(0x00007f363fb26000,0x00007f363fc27000)]
  0x00007f368008c800 JavaThread "Finalizer" daemon [_thread_blocked, id=23713, stack(0x00007f363feff000,0x00007f3640000000)]
  0x00007f3680088000 JavaThread "Reference Handler" daemon [_thread_blocked, id=23712, stack(0x00007f36640ac000,0x00007f36641ad000)]
  0x00007f368000a000 JavaThread "main" [_thread_blocked, id=23702, stack(0x00007f3687340000,0x00007f3687441000)]

Other Threads:
=>0x00007f3680080000 VMThread [stack: 0x00007f36641ad000,0x00007f36642ae000] [id=23711]
  0x00007f36800cd800 WatcherThread [stack: 0x00007f363f520000,0x00007f363f621000] [id=23720]

VM state:at safepoint (normal execution)

VM Mutex/Monitor currently owned by a thread:  ([mutex/lock_event])
[0x00007f3680005f30] Threads_lock - owner thread: 0x00007f3680080000
[0x00007f3680006430] Heap_lock - owner thread: 0x00007f368000a000

Heap:
 PSYoungGen      total 553472K, used 40928K [0x000000076ab00000, 0x000000078f300000, 0x00000007c0000000)
  eden space 512512K, 0% used [0x000000076ab00000,0x000000076ab00000,0x0000000789f80000)
  from space 40960K, 99% used [0x0000000789f80000,0x000000078c778010,0x000000078c780000)
  to   space 37376K, 0% used [0x000000078c780000,0x000000078c780000,0x000000078ec00000)
 ParOldGen       total 171008K, used 79136K [0x00000006c0000000, 0x00000006ca700000, 0x000000076ab00000)
  object space 171008K, 46% used [0x00000006c0000000,0x00000006c4d480b0,0x00000006ca700000)
 Metaspace       used 4880K, capacity 4980K, committed 5248K, reserved 1056768K
  class space    used 542K, capacity 593K, committed 640K, reserved 1048576K

Card table byte_map: [0x00007f366fc3a000,0x00007f367043b000] byte_map_base: 0x00007f366c63a000

Marking Bits: (ParMarkBitMap*) 0x00007f3686821f60
 Begin Bits: [0x00007f36670de000, 0x00007f366b0de000)
 End Bits:   [0x00007f366b0de000, 0x00007f366f0de000)

Polling page: 0x00007f3687474000

CodeCache: size=245760Kb used=2257Kb max_used=2268Kb free=243502Kb
 bounds [0x00007f36707fb000, 0x00007f3670a6b000, 0x00007f367f7fb000]
 total_blobs=726 nmethods=450 adapters=190
 compilation: enabled

Compilation events (10 events):
Event: 2.736 Thread 0x00007f36800c6000  448       4       java.io.Reader::read (35 bytes)
Event: 2.756 Thread 0x00007f36800c6000 nmethod 448 0x00007f3670a26c90 code [0x00007f3670a26ec0, 0x00007f3670a27e58]
Event: 2.756 Thread 0x00007f36800c4000  449       4       java.nio.HeapCharBuffer::put (54 bytes)
Event: 2.758 Thread 0x00007f36800c4000 nmethod 449 0x00007f3670a0ef50 code [0x00007f3670a0f0c0, 0x00007f3670a0f2b8]
Event: 2.774 Thread 0x00007f36800c6000  450       4       java.util.Scanner::makeSpace (133 bytes)
Event: 2.777 Thread 0x00007f36800c6000 nmethod 450 0x00007f3670a29dd0 code [0x00007f3670a29f60, 0x00007f3670a2a318]
Event: 2.781 Thread 0x00007f36800c4000  451       4       java.util.regex.Pattern$Dollar::match (209 bytes)
Event: 2.788 Thread 0x00007f36800c4000 nmethod 451 0x00007f3670a2aad0 code [0x00007f3670a2acc0, 0x00007f3670a2b4c8]
Event: 4.539 Thread 0x00007f36800c8000  452       3       java.io.Reader::read (35 bytes)
Event: 4.539 Thread 0x00007f36800c8000 nmethod 452 0x00007f3670a2cf50 code [0x00007f3670a2d0e0, 0x00007f3670a2d578]

GC Heap History (10 events):
Event: 1.837 GC heap after
Heap after GC invocations=2 (full 0):
 PSYoungGen      total 139264K, used 10208K [0x000000076ab00000, 0x0000000773d00000, 0x00000007c0000000)
  eden space 129024K, 0% used [0x000000076ab00000,0x000000076ab00000,0x0000000772900000)
  from space 10240K, 99% used [0x0000000773300000,0x0000000773cf8030,0x0000000773d00000)
  to   space 10240K, 0% used [0x0000000772900000,0x0000000772900000,0x0000000773300000)
 ParOldGen       total 171008K, used 2144K [0x00000006c0000000, 0x00000006ca700000, 0x000000076ab00000)
  object space 171008K, 1% used [0x00000006c0000000,0x00000006c0218000,0x00000006ca700000)
 Metaspace       used 4856K, capacity 4976K, committed 5248K, reserved 1056768K
  class space    used 542K, capacity 593K, committed 640K, reserved 1048576K
}
Event: 2.217 GC heap before
{Heap before GC invocations=3 (full 0):
 PSYoungGen      total 139264K, used 139232K [0x000000076ab00000, 0x0000000773d00000, 0x00000007c0000000)
  eden space 129024K, 100% used [0x000000076ab00000,0x0000000772900000,0x0000000772900000)
  from space 10240K, 99% used [0x0000000773300000,0x0000000773cf8030,0x0000000773d00000)
  to   space 10240K, 0% used [0x0000000772900000,0x0000000772900000,0x0000000773300000)
 ParOldGen       total 171008K, used 2144K [0x00000006c0000000, 0x00000006ca700000, 0x000000076ab00000)
  object space 171008K, 1% used [0x00000006c0000000,0x00000006c0218000,0x00000006ca700000)
 Metaspace       used 4879K, capacity 4980K, committed 5248K, reserved 1056768K
  class space    used 542K, capacity 593K, committed 640K, reserved 1048576K
Event: 2.305 GC heap after
Heap after GC invocations=3 (full 0):
 PSYoungGen      total 139264K, used 10224K [0x000000076ab00000, 0x000000077bb00000, 0x00000007c0000000)
  eden space 129024K, 0% used [0x000000076ab00000,0x000000076ab00000,0x0000000772900000)
  from space 10240K, 99% used [0x0000000772900000,0x00000007732fc020,0x0000000773300000)
  to   space 10240K, 0% used [0x000000077b100000,0x000000077b100000,0x000000077bb00000)
 ParOldGen       total 171008K, used 13520K [0x00000006c0000000, 0x00000006ca700000, 0x000000076ab00000)
  object space 171008K, 7% used [0x00000006c0000000,0x00000006c0d34000,0x00000006ca700000)
 Metaspace       used 4879K, capacity 4980K, committed 5248K, reserved 1056768K
  class space    used 542K, capacity 593K, committed 640K, reserved 1048576K
}
Event: 2.580 GC heap before
{Heap before GC invocations=4 (full 0):
 PSYoungGen      total 139264K, used 139248K [0x000000076ab00000, 0x000000077bb00000, 0x00000007c0000000)
  eden space 129024K, 100% used [0x000000076ab00000,0x0000000772900000,0x0000000772900000)
  from space 10240K, 99% used [0x0000000772900000,0x00000007732fc020,0x0000000773300000)
  to   space 10240K, 0% used [0x000000077b100000,0x000000077b100000,0x000000077bb00000)
 ParOldGen       total 171008K, used 13520K [0x00000006c0000000, 0x00000006ca700000, 0x000000076ab00000)
  object space 171008K, 7% used [0x00000006c0000000,0x00000006c0d34000,0x00000006ca700000)
 Metaspace       used 4880K, capacity 4980K, committed 5248K, reserved 1056768K
  class space    used 542K, capacity 593K, committed 640K, reserved 1048576K
Event: 2.649 GC heap after
Heap after GC invocations=4 (full 0):
 PSYoungGen      total 268288K, used 10224K [0x000000076ab00000, 0x000000077bb00000, 0x00000007c0000000)
  eden space 258048K, 0% used [0x000000076ab00000,0x000000076ab00000,0x000000077a700000)
  from space 10240K, 99% used [0x000000077b100000,0x000000077bafc020,0x000000077bb00000)
  to   space 10240K, 0% used [0x000000077a700000,0x000000077a700000,0x000000077b100000)
 ParOldGen       total 171008K, used 24816K [0x00000006c0000000, 0x00000006ca700000, 0x000000076ab00000)
  object space 171008K, 14% used [0x00000006c0000000,0x00000006c183c000,0x00000006ca700000)
 Metaspace       used 4880K, capacity 4980K, committed 5248K, reserved 1056768K
  class space    used 542K, capacity 593K, committed 640K, reserved 1048576K
}
Event: 3.227 GC heap before
{Heap before GC invocations=5 (full 0):
 PSYoungGen      total 268288K, used 268272K [0x000000076ab00000, 0x000000077bb00000, 0x00000007c0000000)
  eden space 258048K, 100% used [0x000000076ab00000,0x000000077a700000,0x000000077a700000)
  from space 10240K, 99% used [0x000000077b100000,0x000000077bafc020,0x000000077bb00000)
  to   space 10240K, 0% used [0x000000077a700000,0x000000077a700000,0x000000077b100000)
 ParOldGen       total 171008K, used 24816K [0x00000006c0000000, 0x00000006ca700000, 0x000000076ab00000)
  object space 171008K, 14% used [0x00000006c0000000,0x00000006c183c000,0x00000006ca700000)
 Metaspace       used 4880K, capacity 4980K, committed 5248K, reserved 1056768K
  class space    used 542K, capacity 593K, committed 640K, reserved 1048576K
Event: 3.321 GC heap after
Heap after GC invocations=5 (full 0):
 PSYoungGen      total 268288K, used 10224K [0x000000076ab00000, 0x000000078ec00000, 0x00000007c0000000)
  eden space 258048K, 0% used [0x000000076ab00000,0x000000076ab00000,0x000000077a700000)
  from space 10240K, 99% used [0x000000077a700000,0x000000077b0fc010,0x000000077b100000)
  to   space 37376K, 0% used [0x000000078c780000,0x000000078c780000,0x000000078ec00000)
 ParOldGen       total 171008K, used 46840K [0x00000006c0000000, 0x00000006ca700000, 0x000000076ab00000)
  object space 171008K, 27% used [0x00000006c0000000,0x00000006c2dbe090,0x00000006ca700000)
 Metaspace       used 4880K, capacity 4980K, committed 5248K, reserved 1056768K
  class space    used 542K, capacity 593K, committed 640K, reserved 1048576K
}
Event: 3.919 GC heap before
{Heap before GC invocations=6 (full 0):
 PSYoungGen      total 268288K, used 268272K [0x000000076ab00000, 0x000000078ec00000, 0x00000007c0000000)
  eden space 258048K, 100% used [0x000000076ab00000,0x000000077a700000,0x000000077a700000)
  from space 10240K, 99% used [0x000000077a700000,0x000000077b0fc010,0x000000077b100000)
  to   space 37376K, 0% used [0x000000078c780000,0x000000078c780000,0x000000078ec00000)
 ParOldGen       total 171008K, used 46840K [0x00000006c0000000, 0x00000006ca700000, 0x000000076ab00000)
  object space 171008K, 27% used [0x00000006c0000000,0x00000006c2dbe090,0x00000006ca700000)
 Metaspace       used 4880K, capacity 4980K, committed 5248K, reserved 1056768K
  class space    used 542K, capacity 593K, committed 640K, reserved 1048576K
Event: 4.045 GC heap after
Heap after GC invocations=6 (full 0):
 PSYoungGen      total 549888K, used 30560K [0x000000076ab00000, 0x000000078f300000, 0x00000007c0000000)
  eden space 512512K, 0% used [0x000000076ab00000,0x000000076ab00000,0x0000000789f80000)
  from space 37376K, 81% used [0x000000078c780000,0x000000078e558000,0x000000078ec00000)
  to   space 40960K, 0% used [0x0000000789f80000,0x0000000789f80000,0x000000078c780000)
 ParOldGen       total 171008K, used 46840K [0x00000006c0000000, 0x00000006ca700000, 0x000000076ab00000)
  object space 171008K, 27% used [0x00000006c0000000,0x00000006c2dbe090,0x00000006ca700000)
 Metaspace       used 4880K, capacity 4980K, committed 5248K, reserved 1056768K
  class space    used 542K, capacity 593K, committed 640K, reserved 1048576K
}
Event: 5.488 GC heap before
{Heap before GC invocations=7 (full 0):
 PSYoungGen      total 549888K, used 543072K [0x000000076ab00000, 0x000000078f300000, 0x00000007c0000000)
  eden space 512512K, 100% used [0x000000076ab00000,0x0000000789f80000,0x0000000789f80000)
  from space 37376K, 81% used [0x000000078c780000,0x000000078e558000,0x000000078ec00000)
  to   space 40960K, 0% used [0x0000000789f80000,0x0000000789f80000,0x000000078c780000)
 ParOldGen       total 171008K, used 46840K [0x00000006c0000000, 0x00000006ca700000, 0x000000076ab00000)
  object space 171008K, 27% used [0x00000006c0000000,0x00000006c2dbe090,0x00000006ca700000)
 Metaspace       used 4880K, capacity 4980K, committed 5248K, reserved 1056768K
  class space    used 542K, capacity 593K, committed 640K, reserved 1048576K

Deoptimization events (10 events):
Event: 1.289 Thread 0x00007f368000a000 Uncommon trap: reason=predicate action=maybe_recompile pc=0x00007f36709d710c method=java.util.AbstractCollection.toArray([Ljava/lang/Object;)[Ljava/lang/Object; @ 49
Event: 1.474 Thread 0x00007f368000a000 Uncommon trap: reason=array_check action=maybe_recompile pc=0x00007f36709e312c method=java.util.AbstractCollection.toArray([Ljava/lang/Object;)[Ljava/lang/Object; @ 119
Event: 1.480 Thread 0x00007f368000a000 Uncommon trap: reason=array_check action=maybe_recompile pc=0x00007f36709e312c method=java.util.AbstractCollection.toArray([Ljava/lang/Object;)[Ljava/lang/Object; @ 119
Event: 1.493 Thread 0x00007f368000a000 Uncommon trap: reason=array_check action=maybe_recompile pc=0x00007f36709e312c method=java.util.AbstractCollection.toArray([Ljava/lang/Object;)[Ljava/lang/Object; @ 119
Event: 1.493 Thread 0x00007f368000a000 Uncommon trap: reason=array_check action=maybe_recompile pc=0x00007f36709e312c method=java.util.AbstractCollection.toArray([Ljava/lang/Object;)[Ljava/lang/Object; @ 119
Event: 1.664 Thread 0x00007f368000a000 Uncommon trap: reason=unstable_if action=reinterpret pc=0x00007f36709ca8e4 method=java.util.HashMap.getNode(ILjava/lang/Object;)Ljava/util/HashMap$Node; @ 129
Event: 1.664 Thread 0x00007f368000a000 Uncommon trap: reason=unstable_if action=reinterpret pc=0x00007f36709c4058 method=java.util.HashMap.putVal(ILjava/lang/Object;Ljava/lang/Object;ZZ)Ljava/lang/Object; @ 206
Event: 2.001 Thread 0x00007f368000a000 Uncommon trap: reason=unstable_if action=reinterpret pc=0x00007f36709fd544 method=java.util.HashMap.getNode(ILjava/lang/Object;)Ljava/util/HashMap$Node; @ 62
Event: 2.001 Thread 0x00007f368000a000 Uncommon trap: reason=unstable_if action=reinterpret pc=0x00007f3670a07a54 method=java.util.HashMap.putVal(ILjava/lang/Object;Ljava/lang/Object;ZZ)Ljava/lang/Object; @ 94
Event: 4.522 Thread 0x00007f368000a000 Uncommon trap: reason=unstable_if action=reinterpret pc=0x00007f3670a27a7c method=sun.nio.cs.StreamDecoder.implRead([CII)I @ 87

Internal exceptions (8 events):
Event: 0.096 Thread 0x00007f368000a000 Exception <a 'java/lang/NoSuchMethodError': Method sun.misc.Unsafe.defineClass(Ljava/lang/String;[BII)Ljava/lang/Class; name or signature does not match> (0x000000076ab07ca8) thrown at [/HUDSON/workspace/8-2-build-linux-amd64/jdk8u131/8869/hotspot/src/sha
Event: 0.096 Thread 0x00007f368000a000 Exception <a 'java/lang/NoSuchMethodError': Method sun.misc.Unsafe.prefetchRead(Ljava/lang/Object;J)V name or signature does not match> (0x000000076ab07f90) thrown at [/HUDSON/workspace/8-2-build-linux-amd64/jdk8u131/8869/hotspot/src/share/vm/prims/jni.cp
Event: 0.455 Thread 0x00007f368000a000 Exception <a 'java/lang/NoSuchFieldError': method resolution failed> (0x000000076ac32200) thrown at [/HUDSON/workspace/8-2-build-linux-amd64/jdk8u131/8869/hotspot/src/share/vm/prims/methodHandles.cpp, line 1146]
Event: 0.456 Thread 0x00007f368000a000 Exception <a 'java/lang/NoSuchFieldError': method resolution failed> (0x000000076ac3f600) thrown at [/HUDSON/workspace/8-2-build-linux-amd64/jdk8u131/8869/hotspot/src/share/vm/prims/methodHandles.cpp, line 1146]
Event: 0.729 Thread 0x00007f368000a000 Exception <a 'java/security/PrivilegedActionException'> (0x000000076ae42f98) thrown at [/HUDSON/workspace/8-2-build-linux-amd64/jdk8u131/8869/hotspot/src/share/vm/prims/jvm.cpp, line 1390]
Event: 0.729 Thread 0x00007f368000a000 Exception <a 'java/security/PrivilegedActionException'> (0x000000076ae43390) thrown at [/HUDSON/workspace/8-2-build-linux-amd64/jdk8u131/8869/hotspot/src/share/vm/prims/jvm.cpp, line 1390]
Event: 0.734 Thread 0x00007f368000a000 Exception <a 'java/security/PrivilegedActionException'> (0x000000076ae459e0) thrown at [/HUDSON/workspace/8-2-build-linux-amd64/jdk8u131/8869/hotspot/src/share/vm/prims/jvm.cpp, line 1390]
Event: 0.734 Thread 0x00007f368000a000 Exception <a 'java/security/PrivilegedActionException'> (0x000000076ae45dd8) thrown at [/HUDSON/workspace/8-2-build-linux-amd64/jdk8u131/8869/hotspot/src/share/vm/prims/jvm.cpp, line 1390]

Events (10 events):
Event: 3.227 Executing VM operation: ParallelGCFailedAllocation
Event: 3.321 Executing VM operation: ParallelGCFailedAllocation done
Event: 3.919 Executing VM operation: ParallelGCFailedAllocation
Event: 4.045 Executing VM operation: ParallelGCFailedAllocation done
Event: 4.269 Executing VM operation: EnableBiasedLocking
Event: 4.271 Executing VM operation: EnableBiasedLocking done
Event: 4.522 Thread 0x00007f368000a000 Uncommon trap: trap_request=0xffffff65 fr.pc=0x00007f3670a27a7c
Event: 4.522 Thread 0x00007f368000a000 DEOPT PACKING pc=0x00007f3670a27a7c sp=0x00007f368743f750
Event: 4.522 Thread 0x00007f368000a000 DEOPT UNPACKING pc=0x00007f3670800229 sp=0x00007f368743f588 mode 2
Event: 5.488 Executing VM operation: ParallelGCFailedAllocation


Dynamic libraries:
00400000-00401000 r-xp 00000000 08:05 9175253                            /usr/lib/jvm/java-8-oracle/bin/java
00600000-00601000 rw-p 00000000 08:05 9175253                            /usr/lib/jvm/java-8-oracle/bin/java
01ebd000-01ede000 rw-p 00000000 00:00 0                                  [heap]
6c0000000-6ca700000 rw-p 00000000 00:00 0 
6ca700000-76ab00000 ---p 00000000 00:00 0 
76ab00000-78f300000 rw-p 00000000 00:00 0 
7b1200000-7c0000000 ---p 00000000 00:00 0 
7c0000000-7c00a0000 rw-p 00000000 00:00 0 
7c00a0000-800000000 ---p 00000000 00:00 0 
7f3614000000-7f3614021000 rw-p 00000000 00:00 0 
7f3614021000-7f3618000000 ---p 00000000 00:00 0 
7f361bc4e000-7f361bde5000 rw-p 00000000 00:00 0 
7f361bde5000-7f361bdfc000 r-xp 00000000 08:05 13107239                   /lib/x86_64-linux-gnu/libresolv-2.23.so
7f361bdfc000-7f361bffc000 ---p 00017000 08:05 13107239                   /lib/x86_64-linux-gnu/libresolv-2.23.so
7f361bffc000-7f361bffd000 r--p 00017000 08:05 13107239                   /lib/x86_64-linux-gnu/libresolv-2.23.so
7f361bffd000-7f361bffe000 rw-p 00018000 08:05 13107239                   /lib/x86_64-linux-gnu/libresolv-2.23.so
7f361bffe000-7f361c000000 rw-p 00000000 00:00 0 
7f361c000000-7f361c3a5000 rw-p 00000000 00:00 0 
7f361c3a5000-7f3620000000 ---p 00000000 00:00 0 
7f3620000000-7f3620021000 rw-p 00000000 00:00 0 
7f3620021000-7f3624000000 ---p 00000000 00:00 0 
7f3624000000-7f36241e7000 rw-p 00000000 00:00 0 
7f36241e7000-7f3628000000 ---p 00000000 00:00 0 
7f3628000000-7f362829f000 rw-p 00000000 00:00 0 
7f362829f000-7f362c000000 ---p 00000000 00:00 0 
7f362c000000-7f362c021000 rw-p 00000000 00:00 0 
7f362c021000-7f3630000000 ---p 00000000 00:00 0 
7f3630000000-7f363046f000 rw-p 00000000 00:00 0 
7f363046f000-7f3634000000 ---p 00000000 00:00 0 
7f3634000000-7f3634021000 rw-p 00000000 00:00 0 
7f3634021000-7f3638000000 ---p 00000000 00:00 0 
7f3638000000-7f3638021000 rw-p 00000000 00:00 0 
7f3638021000-7f363c000000 ---p 00000000 00:00 0 
7f363c011000-7f363c101000 rw-p 00000000 00:00 0 
7f363c101000-7f363c106000 r-xp 00000000 08:05 13107302                   /lib/x86_64-linux-gnu/libnss_dns-2.23.so
7f363c106000-7f363c306000 ---p 00005000 08:05 13107302                   /lib/x86_64-linux-gnu/libnss_dns-2.23.so
7f363c306000-7f363c307000 r--p 00005000 08:05 13107302                   /lib/x86_64-linux-gnu/libnss_dns-2.23.so
7f363c307000-7f363c308000 rw-p 00006000 08:05 13107302                   /lib/x86_64-linux-gnu/libnss_dns-2.23.so
7f363c308000-7f363f309000 rw-p 00000000 00:00 0 
7f363f309000-7f363f31f000 r-xp 00000000 08:05 9185143                    /usr/lib/jvm/java-8-oracle/jre/lib/amd64/libnet.so
7f363f31f000-7f363f51f000 ---p 00016000 08:05 9185143                    /usr/lib/jvm/java-8-oracle/jre/lib/amd64/libnet.so
7f363f51f000-7f363f520000 rw-p 00016000 08:05 9185143                    /usr/lib/jvm/java-8-oracle/jre/lib/amd64/libnet.so
7f363f520000-7f363f521000 ---p 00000000 00:00 0 
7f363f521000-7f363f621000 rw-p 00000000 00:00 0 
7f363f621000-7f363f624000 ---p 00000000 00:00 0 
7f363f624000-7f363f722000 rw-p 00000000 00:00 0 
7f363f722000-7f363f725000 ---p 00000000 00:00 0 
7f363f725000-7f363f823000 rw-p 00000000 00:00 0 
7f363f823000-7f363f826000 ---p 00000000 00:00 0 
7f363f826000-7f363f924000 rw-p 00000000 00:00 0 
7f363f924000-7f363f927000 ---p 00000000 00:00 0 
7f363f927000-7f363fa25000 rw-p 00000000 00:00 0 
7f363fa25000-7f363fa28000 ---p 00000000 00:00 0 
7f363fa28000-7f363fb26000 rw-p 00000000 00:00 0 
7f363fb26000-7f363fb29000 ---p 00000000 00:00 0 
7f363fb29000-7f363fc27000 rw-p 00000000 00:00 0 
7f363fc27000-7f363feff000 r--p 00000000 08:05 6030115                    /usr/lib/locale/locale-archive
7f363feff000-7f363ff02000 ---p 00000000 00:00 0 
7f363ff02000-7f3640000000 rw-p 00000000 00:00 0 
7f3640000000-7f3640021000 rw-p 00000000 00:00 0 
7f3640021000-7f3644000000 ---p 00000000 00:00 0 
7f3644000000-7f3644021000 rw-p 00000000 00:00 0 
7f3644021000-7f3648000000 ---p 00000000 00:00 0 
7f3648000000-7f3648021000 rw-p 00000000 00:00 0 
7f3648021000-7f364c000000 ---p 00000000 00:00 0 
7f364c000000-7f364c021000 rw-p 00000000 00:00 0 
7f364c021000-7f3650000000 ---p 00000000 00:00 0 
7f3650000000-7f3650021000 rw-p 00000000 00:00 0 
7f3650021000-7f3654000000 ---p 00000000 00:00 0 
7f3654000000-7f3654021000 rw-p 00000000 00:00 0 
7f3654021000-7f3658000000 ---p 00000000 00:00 0 
7f3658000000-7f3658021000 rw-p 00000000 00:00 0 
7f3658021000-7f365c000000 ---p 00000000 00:00 0 
7f365c000000-7f365c021000 rw-p 00000000 00:00 0 
7f365c021000-7f3660000000 ---p 00000000 00:00 0 
7f3660000000-7f3660021000 rw-p 00000000 00:00 0 
7f3660021000-7f3664000000 ---p 00000000 00:00 0 
7f36640ac000-7f36640af000 ---p 00000000 00:00 0 
7f36640af000-7f36641ad000 rw-p 00000000 00:00 0 
7f36641ad000-7f36641ae000 ---p 00000000 00:00 0 
7f36641ae000-7f3665e8f000 rw-p 00000000 00:00 0 
7f3665e8f000-7f3666068000 r--s 03d40000 08:05 8526450                    /usr/lib/jvm/java-8-oracle/jre/lib/rt.jar
7f3666068000-7f366655e000 rw-p 00000000 00:00 0 
7f366655e000-7f36668de000 ---p 00000000 00:00 0 
7f36668de000-7f366f0de000 rw-p 00000000 00:00 0 
7f366f0de000-7f366f0df000 ---p 00000000 00:00 0 
7f366f0df000-7f366f1df000 rw-p 00000000 00:00 0 
7f366f1df000-7f366f1e0000 ---p 00000000 00:00 0 
7f366f1e0000-7f366f2e0000 rw-p 00000000 00:00 0 
7f366f2e0000-7f366f2e1000 ---p 00000000 00:00 0 
7f366f2e1000-7f366f3e1000 rw-p 00000000 00:00 0 
7f366f3e1000-7f366f3e2000 ---p 00000000 00:00 0 
7f366f3e2000-7f366f4e2000 rw-p 00000000 00:00 0 
7f366f4e2000-7f366f4e3000 ---p 00000000 00:00 0 
7f366f4e3000-7f366f5e3000 rw-p 00000000 00:00 0 
7f366f5e3000-7f366f5e4000 ---p 00000000 00:00 0 
7f366f5e4000-7f366f738000 rw-p 00000000 00:00 0 
7f366f738000-7f366fc3a000 ---p 00000000 00:00 0 
7f366fc3a000-7f366fc8e000 rw-p 00000000 00:00 0 
7f366fc8e000-7f367018f000 ---p 00000000 00:00 0 
7f367018f000-7f36702b4000 rw-p 00000000 00:00 0 
7f36702b4000-7f367043a000 ---p 00000000 00:00 0 
7f367043a000-7f3670445000 rw-p 00000000 00:00 0 
7f3670445000-7f36707fb000 ---p 00000000 00:00 0 
7f36707fb000-7f3670a6b000 rwxp 00000000 00:00 0 
7f3670a6b000-7f367f7fb000 ---p 00000000 00:00 0 
7f367f7fb000-7f3680000000 r--s 00000000 08:05 11272208                   /var/lib/sss/mc/passwd
7f3680000000-7f368016b000 rw-p 00000000 00:00 0 
7f368016b000-7f3684000000 ---p 00000000 00:00 0 
7f368400e000-7f36840ab000 rw-p 00000000 00:00 0 
7f36840ab000-7f36840ac000 ---p 00000000 00:00 0 
7f36840ac000-7f36841ac000 rw-p 00000000 00:00 0 
7f36841ac000-7f36841ad000 ---p 00000000 00:00 0 
7f36841ad000-7f36842ad000 rw-p 00000000 00:00 0 
7f36842ad000-7f36842c7000 r-xp 00000000 08:05 9184436                    /usr/lib/jvm/java-8-oracle/jre/lib/amd64/libzip.so
7f36842c7000-7f36844c7000 ---p 0001a000 08:05 9184436                    /usr/lib/jvm/java-8-oracle/jre/lib/amd64/libzip.so
7f36844c7000-7f36844c8000 rw-p 0001a000 08:05 9184436                    /usr/lib/jvm/java-8-oracle/jre/lib/amd64/libzip.so
7f36844c8000-7f36844d0000 r-xp 00000000 08:05 13107285                   /lib/x86_64-linux-gnu/libnss_sss.so.2
7f36844d0000-7f36846cf000 ---p 00008000 08:05 13107285                   /lib/x86_64-linux-gnu/libnss_sss.so.2
7f36846cf000-7f36846d0000 r--p 00007000 08:05 13107285                   /lib/x86_64-linux-gnu/libnss_sss.so.2
7f36846d0000-7f36846d1000 rw-p 00008000 08:05 13107285                   /lib/x86_64-linux-gnu/libnss_sss.so.2
7f36846d1000-7f36846dc000 r-xp 00000000 08:05 13107305                   /lib/x86_64-linux-gnu/libnss_files-2.23.so
7f36846dc000-7f36848db000 ---p 0000b000 08:05 13107305                   /lib/x86_64-linux-gnu/libnss_files-2.23.so
7f36848db000-7f36848dc000 r--p 0000a000 08:05 13107305                   /lib/x86_64-linux-gnu/libnss_files-2.23.so
7f36848dc000-7f36848dd000 rw-p 0000b000 08:05 13107305                   /lib/x86_64-linux-gnu/libnss_files-2.23.so
7f36848dd000-7f36848e3000 rw-p 00000000 00:00 0 
7f36848e3000-7f36848ee000 r-xp 00000000 08:05 13107367                   /lib/x86_64-linux-gnu/libnss_nis-2.23.so
7f36848ee000-7f3684aed000 ---p 0000b000 08:05 13107367                   /lib/x86_64-linux-gnu/libnss_nis-2.23.so
7f3684aed000-7f3684aee000 r--p 0000a000 08:05 13107367                   /lib/x86_64-linux-gnu/libnss_nis-2.23.so
7f3684aee000-7f3684aef000 rw-p 0000b000 08:05 13107367                   /lib/x86_64-linux-gnu/libnss_nis-2.23.so
7f3684aef000-7f3684b05000 r-xp 00000000 08:05 13107215                   /lib/x86_64-linux-gnu/libnsl-2.23.so
7f3684b05000-7f3684d04000 ---p 00016000 08:05 13107215                   /lib/x86_64-linux-gnu/libnsl-2.23.so
7f3684d04000-7f3684d05000 r--p 00015000 08:05 13107215                   /lib/x86_64-linux-gnu/libnsl-2.23.so
7f3684d05000-7f3684d06000 rw-p 00016000 08:05 13107215                   /lib/x86_64-linux-gnu/libnsl-2.23.so
7f3684d06000-7f3684d08000 rw-p 00000000 00:00 0 
7f3684d08000-7f3684d10000 r-xp 00000000 08:05 13107300                   /lib/x86_64-linux-gnu/libnss_compat-2.23.so
7f3684d10000-7f3684f0f000 ---p 00008000 08:05 13107300                   /lib/x86_64-linux-gnu/libnss_compat-2.23.so
7f3684f0f000-7f3684f10000 r--p 00007000 08:05 13107300                   /lib/x86_64-linux-gnu/libnss_compat-2.23.so
7f3684f10000-7f3684f11000 rw-p 00008000 08:05 13107300                   /lib/x86_64-linux-gnu/libnss_compat-2.23.so
7f3684f11000-7f3684f3c000 r-xp 00000000 08:05 9185165                    /usr/lib/jvm/java-8-oracle/jre/lib/amd64/libjava.so
7f3684f3c000-7f368513b000 ---p 0002b000 08:05 9185165                    /usr/lib/jvm/java-8-oracle/jre/lib/amd64/libjava.so
7f368513b000-7f368513d000 rw-p 0002a000 08:05 9185165                    /usr/lib/jvm/java-8-oracle/jre/lib/amd64/libjava.so
7f368513d000-7f368514a000 r-xp 00000000 08:05 9185159                    /usr/lib/jvm/java-8-oracle/jre/lib/amd64/libverify.so
7f368514a000-7f3685349000 ---p 0000d000 08:05 9185159                    /usr/lib/jvm/java-8-oracle/jre/lib/amd64/libverify.so
7f3685349000-7f368534b000 rw-p 0000c000 08:05 9185159                    /usr/lib/jvm/java-8-oracle/jre/lib/amd64/libverify.so
7f368534b000-7f3685352000 r-xp 00000000 08:05 13107368                   /lib/x86_64-linux-gnu/librt-2.23.so
7f3685352000-7f3685551000 ---p 00007000 08:05 13107368                   /lib/x86_64-linux-gnu/librt-2.23.so
7f3685551000-7f3685552000 r--p 00006000 08:05 13107368                   /lib/x86_64-linux-gnu/librt-2.23.so
7f3685552000-7f3685553000 rw-p 00007000 08:05 13107368                   /lib/x86_64-linux-gnu/librt-2.23.so
7f3685553000-7f368565b000 r-xp 00000000 08:05 13107205                   /lib/x86_64-linux-gnu/libm-2.23.so
7f368565b000-7f368585a000 ---p 00108000 08:05 13107205                   /lib/x86_64-linux-gnu/libm-2.23.so
7f368585a000-7f368585b000 r--p 00107000 08:05 13107205                   /lib/x86_64-linux-gnu/libm-2.23.so
7f368585b000-7f368585c000 rw-p 00108000 08:05 13107205                   /lib/x86_64-linux-gnu/libm-2.23.so
7f368585c000-7f368652b000 r-xp 00000000 08:05 9184420                    /usr/lib/jvm/java-8-oracle/jre/lib/amd64/server/libjvm.so
7f368652b000-7f368672b000 ---p 00ccf000 08:05 9184420                    /usr/lib/jvm/java-8-oracle/jre/lib/amd64/server/libjvm.so
7f368672b000-7f3686804000 rw-p 00ccf000 08:05 9184420                    /usr/lib/jvm/java-8-oracle/jre/lib/amd64/server/libjvm.so
7f3686804000-7f368684f000 rw-p 00000000 00:00 0 
7f368684f000-7f3686a0f000 r-xp 00000000 08:05 13107228                   /lib/x86_64-linux-gnu/libc-2.23.so
7f3686a0f000-7f3686c0f000 ---p 001c0000 08:05 13107228                   /lib/x86_64-linux-gnu/libc-2.23.so
7f3686c0f000-7f3686c13000 r--p 001c0000 08:05 13107228                   /lib/x86_64-linux-gnu/libc-2.23.so
7f3686c13000-7f3686c15000 rw-p 001c4000 08:05 13107228                   /lib/x86_64-linux-gnu/libc-2.23.so
7f3686c15000-7f3686c19000 rw-p 00000000 00:00 0 
7f3686c19000-7f3686c1c000 r-xp 00000000 08:05 13107237                   /lib/x86_64-linux-gnu/libdl-2.23.so
7f3686c1c000-7f3686e1b000 ---p 00003000 08:05 13107237                   /lib/x86_64-linux-gnu/libdl-2.23.so
7f3686e1b000-7f3686e1c000 r--p 00002000 08:05 13107237                   /lib/x86_64-linux-gnu/libdl-2.23.so
7f3686e1c000-7f3686e1d000 rw-p 00003000 08:05 13107237                   /lib/x86_64-linux-gnu/libdl-2.23.so
7f3686e1d000-7f3686e32000 r-xp 00000000 08:05 9175243                    /usr/lib/jvm/java-8-oracle/lib/amd64/jli/libjli.so
7f3686e32000-7f3687032000 ---p 00015000 08:05 9175243                    /usr/lib/jvm/java-8-oracle/lib/amd64/jli/libjli.so
7f3687032000-7f3687033000 rw-p 00015000 08:05 9175243                    /usr/lib/jvm/java-8-oracle/lib/amd64/jli/libjli.so
7f3687033000-7f368704b000 r-xp 00000000 08:05 13107226                   /lib/x86_64-linux-gnu/libpthread-2.23.so
7f368704b000-7f368724a000 ---p 00018000 08:05 13107226                   /lib/x86_64-linux-gnu/libpthread-2.23.so
7f368724a000-7f368724b000 r--p 00017000 08:05 13107226                   /lib/x86_64-linux-gnu/libpthread-2.23.so
7f368724b000-7f368724c000 rw-p 00018000 08:05 13107226                   /lib/x86_64-linux-gnu/libpthread-2.23.so
7f368724c000-7f3687250000 rw-p 00000000 00:00 0 
7f3687250000-7f3687276000 r-xp 00000000 08:05 13107219                   /lib/x86_64-linux-gnu/ld-2.23.so
7f3687279000-7f3687340000 rw-p 00000000 00:00 0 
7f3687340000-7f3687343000 ---p 00000000 00:00 0 
7f3687343000-7f3687446000 rw-p 00000000 00:00 0 
7f368744a000-7f368746b000 rw-p 00000000 00:00 0 
7f368746b000-7f3687473000 rw-s 00000000 08:05 10224975                   /tmp/hsperfdata_makramer/23697
7f3687473000-7f3687474000 rw-p 00000000 00:00 0 
7f3687474000-7f3687475000 ---p 00000000 00:00 0 
7f3687475000-7f3687476000 r--p 00025000 08:05 13107219                   /lib/x86_64-linux-gnu/ld-2.23.so
7f3687476000-7f3687477000 rw-p 00026000 08:05 13107219                   /lib/x86_64-linux-gnu/ld-2.23.so
7f3687477000-7f3687478000 rw-p 00000000 00:00 0 
7ffe581f2000-7ffe58214000 rw-p 00000000 00:00 0                          [stack]
7ffe5829a000-7ffe5829d000 r--p 00000000 00:00 0                          [vvar]
7ffe5829d000-7ffe5829f000 r-xp 00000000 00:00 0                          [vdso]
ffffffffff600000-ffffffffff601000 r-xp 00000000 00:00 0                  [vsyscall]

VM Arguments:
jvm_args: -Xmx4g -Dfile.encoding=UTF-8 
java_command: lab10.Bacon http://www.cs.oberlin.edu/~jdonalds/imdb/imdb.full.txt
java_class_path (initial): /usr/users/quota/students/2018/makramer/cs151/lab10
Launcher Type: SUN_STANDARD

Environment Variables:
JAVA_HOME=/usr/lib/jvm/java-8-oracle
PATH=/usr/local/sbin:/usr/local/bin:/usr/sbin:/usr/bin:/sbin:/bin:/usr/games:/usr/local/games:/snap/bin:/usr/lib/jvm/java-8-oracle/bin:/usr/lib/jvm/java-8-oracle/db/bin:/usr/lib/jvm/java-8-oracle/jre/bin
SHELL=/bin/bash
DISPLAY=:0.0

Signal Handlers:
SIGSEGV: [libjvm.so+0xac8af0], sa_mask[0]=11111111011111111101111111111110, sa_flags=SA_RESTART|SA_SIGINFO
SIGBUS: [libjvm.so+0xac8af0], sa_mask[0]=11111111011111111101111111111110, sa_flags=SA_RESTART|SA_SIGINFO
SIGFPE: [libjvm.so+0x921dd0], sa_mask[0]=11111111011111111101111111111110, sa_flags=SA_RESTART|SA_SIGINFO
SIGPIPE: [libjvm.so+0x921dd0], sa_mask[0]=11111111011111111101111111111110, sa_flags=SA_RESTART|SA_SIGINFO
SIGXFSZ: [libjvm.so+0x921dd0], sa_mask[0]=11111111011111111101111111111110, sa_flags=SA_RESTART|SA_SIGINFO
SIGILL: [libjvm.so+0x921dd0], sa_mask[0]=11111111011111111101111111111110, sa_flags=SA_RESTART|SA_SIGINFO
SIGUSR1: SIG_DFL, sa_mask[0]=00000000000000000000000000000000, sa_flags=none
SIGUSR2: [libjvm.so+0x923610], sa_mask[0]=00100000000000000000000000000000, sa_flags=SA_RESTART|SA_SIGINFO
SIGHUP: [libjvm.so+0x924a10], sa_mask[0]=11111111011111111101111111111110, sa_flags=SA_RESTART|SA_SIGINFO
SIGINT: [libjvm.so+0x924a10], sa_mask[0]=11111111011111111101111111111110, sa_flags=SA_RESTART|SA_SIGINFO
SIGTERM: [libjvm.so+0x924a10], sa_mask[0]=11111111011111111101111111111110, sa_flags=SA_RESTART|SA_SIGINFO
SIGQUIT: [libjvm.so+0x924a10], sa_mask[0]=11111111011111111101111111111110, sa_flags=SA_RESTART|SA_SIGINFO


---------------  S Y S T E M  ---------------

OS:DISTRIB_ID=Ubuntu
DISTRIB_RELEASE=16.04
DISTRIB_CODENAME=xenial
DISTRIB_DESCRIPTION="Ubuntu 16.04.5 LTS"

uname:Linux 4.4.0-134-generic #160-Ubuntu SMP Wed Aug 15 14:58:00 UTC 2018 x86_64
libc:glibc 2.23 NPTL 2.23 
rlimit: STACK 8192k, CORE 0k, NPROC 63668, NOFILE 1048576, AS infinity
load average:18.42 5.63 2.05

/proc/meminfo:
MemTotal:       16341716 kB
MemFree:          179572 kB
MemAvailable:      97860 kB
Buffers:            5544 kB
Cached:           287572 kB
SwapCached:            0 kB
Active:         15645768 kB
Inactive:         247588 kB
Active(anon):   15633604 kB
Inactive(anon):   135364 kB
Active(file):      12164 kB
Inactive(file):   112224 kB
Unevictable:          64 kB
Mlocked:              64 kB
SwapTotal:             0 kB
SwapFree:              0 kB
Dirty:               136 kB
Writeback:             0 kB
AnonPages:      15600608 kB
Mapped:           188584 kB
Shmem:            168604 kB
Slab:             102132 kB
SReclaimable:      46708 kB
SUnreclaim:        55424 kB
KernelStack:       13840 kB
PageTables:        80168 kB
NFS_Unstable:          0 kB
Bounce:                0 kB
WritebackTmp:          0 kB
CommitLimit:     8170856 kB
Committed_AS:   20109876 kB
VmallocTotal:   34359738367 kB
VmallocUsed:           0 kB
VmallocChunk:          0 kB
HardwareCorrupted:     0 kB
AnonHugePages:         0 kB
CmaTotal:              0 kB
CmaFree:               0 kB
HugePages_Total:       0
HugePages_Free:        0
HugePages_Rsvd:        0
HugePages_Surp:        0
Hugepagesize:       2048 kB
DirectMap4k:      210868 kB
DirectMap2M:     8087552 kB
DirectMap1G:     9437184 kB


CPU:total 8 (initial active 8) (4 cores per cpu, 2 threads per core) family 6 model 60 stepping 3, cmov, cx8, fxsr, mmx, sse, sse2, sse3, ssse3, sse4.1, sse4.2, popcnt, avx, avx2, aes, clmul, erms, lzcnt, ht, tsc, tscinvbit, bmi1, bmi2

/proc/cpuinfo:
processor	: 0
vendor_id	: GenuineIntel
cpu family	: 6
model		: 60
model name	: Intel(R) Core(TM) i7-4770S CPU @ 3.10GHz
stepping	: 3
microcode	: 0x24
cpu MHz		: 3499.972
cache size	: 8192 KB
physical id	: 0
siblings	: 8
core id		: 0
cpu cores	: 4
apicid		: 0
initial apicid	: 0
fpu		: yes
fpu_exception	: yes
cpuid level	: 13
wp		: yes
flags		: fpu vme de pse tsc msr pae mce cx8 apic sep mtrr pge mca cmov pat pse36 clflush dts acpi mmx fxsr sse sse2 ss ht tm pbe syscall nx pdpe1gb rdtscp lm constant_tsc arch_perfmon pebs bts rep_good nopl xtopology nonstop_tsc aperfmperf pni pclmulqdq dtes64 monitor ds_cpl vmx smx est tm2 ssse3 sdbg fma cx16 xtpr pdcm pcid sse4_1 sse4_2 x2apic movbe popcnt tsc_deadline_timer aes xsave avx f16c rdrand lahf_lm abm epb invpcid_single ibrs ibpb stibp kaiser tpr_shadow vnmi flexpriority ept vpid fsgsbase tsc_adjust bmi1 avx2 smep bmi2 erms invpcid xsaveopt dtherm ida arat pln pts
bugs		: cpu_meltdown spectre_v1 spectre_v2 spec_store_bypass l1tf
bogomips	: 6186.02
clflush size	: 64
cache_alignment	: 64
address sizes	: 39 bits physical, 48 bits virtual
power management:

processor	: 1
vendor_id	: GenuineIntel
cpu family	: 6
model		: 60
model name	: Intel(R) Core(TM) i7-4770S CPU @ 3.10GHz
stepping	: 3
microcode	: 0x24
cpu MHz		: 3499.972
cache size	: 8192 KB
physical id	: 0
siblings	: 8
core id		: 1
cpu cores	: 4
apicid		: 2
initial apicid	: 2
fpu		: yes
fpu_exception	: yes
cpuid level	: 13
wp		: yes
flags		: fpu vme de pse tsc msr pae mce cx8 apic sep mtrr pge mca cmov pat pse36 clflush dts acpi mmx fxsr sse sse2 ss ht tm pbe syscall nx pdpe1gb rdtscp lm constant_tsc arch_perfmon pebs bts rep_good nopl xtopology nonstop_tsc aperfmperf pni pclmulqdq dtes64 monitor ds_cpl vmx smx est tm2 ssse3 sdbg fma cx16 xtpr pdcm pcid sse4_1 sse4_2 x2apic movbe popcnt tsc_deadline_timer aes xsave avx f16c rdrand lahf_lm abm epb invpcid_single ibrs ibpb stibp kaiser tpr_shadow vnmi flexpriority ept vpid fsgsbase tsc_adjust bmi1 avx2 smep bmi2 erms invpcid xsaveopt dtherm ida arat pln pts
bugs		: cpu_meltdown spectre_v1 spectre_v2 spec_store_bypass l1tf
bogomips	: 6186.02
clflush size	: 64
cache_alignment	: 64
address sizes	: 39 bits physical, 48 bits virtual
power management:

processor	: 2
vendor_id	: GenuineIntel
cpu family	: 6
model		: 60
model name	: Intel(R) Core(TM) i7-4770S CPU @ 3.10GHz
stepping	: 3
microcode	: 0x24
cpu MHz		: 3499.972
cache size	: 8192 KB
physical id	: 0
siblings	: 8
core id		: 2
cpu cores	: 4
apicid		: 4
initial apicid	: 4
fpu		: yes
fpu_exception	: yes
cpuid level	: 13
wp		: yes
flags		: fpu vme de pse tsc msr pae mce cx8 apic sep mtrr pge mca cmov pat pse36 clflush dts acpi mmx fxsr sse sse2 ss ht tm pbe syscall nx pdpe1gb rdtscp lm constant_tsc arch_perfmon pebs bts rep_good nopl xtopology nonstop_tsc aperfmperf pni pclmulqdq dtes64 monitor ds_cpl vmx smx est tm2 ssse3 sdbg fma cx16 xtpr pdcm pcid sse4_1 sse4_2 x2apic movbe popcnt tsc_deadline_timer aes xsave avx f16c rdrand lahf_lm abm epb invpcid_single ibrs ibpb stibp kaiser tpr_shadow vnmi flexpriority ept vpid fsgsbase tsc_adjust bmi1 avx2 smep bmi2 erms invpcid xsaveopt dtherm ida arat pln pts
bugs		: cpu_meltdown spectre_v1 spectre_v2 spec_store_bypass l1tf
bogomips	: 6186.02
clflush size	: 64
cache_alignment	: 64
address sizes	: 39 bits physical, 48 bits virtual
power management:

processor	: 3
vendor_id	: GenuineIntel
cpu family	: 6
model		: 60
model name	: Intel(R) Core(TM) i7-4770S CPU @ 3.10GHz
stepping	: 3
microcode	: 0x24
cpu MHz		: 3499.972
cache size	: 8192 KB
physical id	: 0
siblings	: 8
core id		: 3
cpu cores	: 4
apicid		: 6
initial apicid	: 6
fpu		: yes
fpu_exception	: yes
cpuid level	: 13
wp		: yes
flags		: fpu vme de pse tsc msr pae mce cx8 apic sep mtrr pge mca cmov pat pse36 clflush dts acpi mmx fxsr sse sse2 ss ht tm pbe syscall nx pdpe1gb rdtscp lm constant_tsc arch_perfmon pebs bts rep_good nopl xtopology nonstop_tsc aperfmperf pni pclmulqdq dtes64 monitor ds_cpl vmx smx est tm2 ssse3 sdbg fma cx16 xtpr pdcm pcid sse4_1 sse4_2 x2apic movbe popcnt tsc_deadline_timer aes xsave avx f16c rdrand lahf_lm abm epb invpcid_single ibrs ibpb stibp kaiser tpr_shadow vnmi flexpriority ept vpid fsgsbase tsc_adjust bmi1 avx2 smep bmi2 erms invpcid xsaveopt dtherm ida arat pln pts
bugs		: cpu_meltdown spectre_v1 spectre_v2 spec_store_bypass l1tf
bogomips	: 6186.02
clflush size	: 64
cache_alignment	: 64
address sizes	: 39 bits physical, 48 bits virtual
power management:

processor	: 4
vendor_id	: GenuineIntel
cpu family	: 6
model		: 60
model name	: Intel(R) Core(TM) i7-4770S CPU @ 3.10GHz
stepping	: 3
microcode	: 0x24
cpu MHz		: 3499.972
cache size	: 8192 KB
physical id	: 0
siblings	: 8
core id		: 0
cpu cores	: 4
apicid		: 1
initial apicid	: 1
fpu		: yes
fpu_exception	: yes
cpuid level	: 13
wp		: yes
flags		: fpu vme de pse tsc msr pae mce cx8 apic sep mtrr pge mca cmov pat pse36 clflush dts acpi mmx fxsr sse sse2 ss ht tm pbe syscall nx pdpe1gb rdtscp lm constant_tsc arch_perfmon pebs bts rep_good nopl xtopology nonstop_tsc aperfmperf pni pclmulqdq dtes64 monitor ds_cpl vmx smx est tm2 ssse3 sdbg fma cx16 xtpr pdcm pcid sse4_1 sse4_2 x2apic movbe popcnt tsc_deadline_timer aes xsave avx f16c rdrand lahf_lm abm epb invpcid_single ibrs ibpb stibp kaiser tpr_shadow vnmi flexpriority ept vpid fsgsbase tsc_adjust bmi1 avx2 smep bmi2 erms invpcid xsaveopt dtherm ida arat pln pts
bugs		: cpu_meltdown spectre_v1 spectre_v2 spec_store_bypass l1tf
bogomips	: 6186.02
clflush size	: 64
cache_alignment	: 64
address sizes	: 39 bits physical, 48 bits virtual
power management:

processor	: 5
vendor_id	: GenuineIntel
cpu family	: 6
model		: 60
model name	: Intel(R) Core(TM) i7-4770S CPU @ 3.10GHz
stepping	: 3
microcode	: 0x24
cpu MHz		: 3499.972
cache size	: 8192 KB
physical id	: 0
siblings	: 8
core id		: 1
cpu cores	: 4
apicid		: 3
initial apicid	: 3
fpu		: yes
fpu_exception	: yes
cpuid level	: 13
wp		: yes
flags		: fpu vme de pse tsc msr pae mce cx8 apic sep mtrr pge mca cmov pat pse36 clflush dts acpi mmx fxsr sse sse2 ss ht tm pbe syscall nx pdpe1gb rdtscp lm constant_tsc arch_perfmon pebs bts rep_good nopl xtopology nonstop_tsc aperfmperf pni pclmulqdq dtes64 monitor ds_cpl vmx smx est tm2 ssse3 sdbg fma cx16 xtpr pdcm pcid sse4_1 sse4_2 x2apic movbe popcnt tsc_deadline_timer aes xsave avx f16c rdrand lahf_lm abm epb invpcid_single ibrs ibpb stibp kaiser tpr_shadow vnmi flexpriority ept vpid fsgsbase tsc_adjust bmi1 avx2 smep bmi2 erms invpcid xsaveopt dtherm ida arat pln pts
bugs		: cpu_meltdown spectre_v1 spectre_v2 spec_store_bypass l1tf
bogomips	: 6186.02
clflush size	: 64
cache_alignment	: 64
address sizes	: 39 bits physical, 48 bits virtual
power management:

processor	: 6
vendor_id	: GenuineIntel
cpu family	: 6
model		: 60
model name	: Intel(R) Core(TM) i7-4770S CPU @ 3.10GHz
stepping	: 3
microcode	: 0x24
cpu MHz		: 3499.972
cache size	: 8192 KB
physical id	: 0
siblings	: 8
core id		: 2
cpu cores	: 4
apicid		: 5
initial apicid	: 5
fpu		: yes
fpu_exception	: yes
cpuid level	: 13
wp		: yes
flags		: fpu vme de pse tsc msr pae mce cx8 apic sep mtrr pge mca cmov pat pse36 clflush dts acpi mmx fxsr sse sse2 ss ht tm pbe syscall nx pdpe1gb rdtscp lm constant_tsc arch_perfmon pebs bts rep_good nopl xtopology nonstop_tsc aperfmperf pni pclmulqdq dtes64 monitor ds_cpl vmx smx est tm2 ssse3 sdbg fma cx16 xtpr pdcm pcid sse4_1 sse4_2 x2apic movbe popcnt tsc_deadline_timer aes xsave avx f16c rdrand lahf_lm abm epb invpcid_single ibrs ibpb stibp kaiser tpr_shadow vnmi flexpriority ept vpid fsgsbase tsc_adjust bmi1 avx2 smep bmi2 erms invpcid xsaveopt dtherm ida arat pln pts
bugs		: cpu_meltdown spectre_v1 spectre_v2 spec_store_bypass l1tf
bogomips	: 6186.02
clflush size	: 64
cache_alignment	: 64
address sizes	: 39 bits physical, 48 bits virtual
power management:

processor	: 7
vendor_id	: GenuineIntel
cpu family	: 6
model		: 60
model name	: Intel(R) Core(TM) i7-4770S CPU @ 3.10GHz
stepping	: 3
microcode	: 0x24
cpu MHz		: 3499.972
cache size	: 8192 KB
physical id	: 0
siblings	: 8
core id		: 3
cpu cores	: 4
apicid		: 7
initial apicid	: 7
fpu		: yes
fpu_exception	: yes
cpuid level	: 13
wp		: yes
flags		: fpu vme de pse tsc msr pae mce cx8 apic sep mtrr pge mca cmov pat pse36 clflush dts acpi mmx fxsr sse sse2 ss ht tm pbe syscall nx pdpe1gb rdtscp lm constant_tsc arch_perfmon pebs bts rep_good nopl xtopology nonstop_tsc aperfmperf pni pclmulqdq dtes64 monitor ds_cpl vmx smx est tm2 ssse3 sdbg fma cx16 xtpr pdcm pcid sse4_1 sse4_2 x2apic movbe popcnt tsc_deadline_timer aes xsave avx f16c rdrand lahf_lm abm epb invpcid_single ibrs ibpb stibp kaiser tpr_shadow vnmi flexpriority ept vpid fsgsbase tsc_adjust bmi1 avx2 smep bmi2 erms invpcid xsaveopt dtherm ida arat pln pts
bugs		: cpu_meltdown spectre_v1 spectre_v2 spec_store_bypass l1tf
bogomips	: 6186.02
clflush size	: 64
cache_alignment	: 64
address sizes	: 39 bits physical, 48 bits virtual
power management:



Memory: 4k page, physical 16341716k(179572k free), swap 0k(0k free)

vm_info: Java HotSpot(TM) 64-Bit Server VM (25.131-b11) for linux-amd64 JRE (1.8.0_131-b11), built on Mar 15 2017 01:23:40 by "java_re" with gcc 4.3.0 20080428 (Red Hat 4.3.0-8)

time: Sat Dec  8 15:27:31 2018
elapsed time: 5 seconds (0d 0h 0m 5s)

