#
# There is insufficient memory for the Java Runtime Environment to continue.
# Native memory allocation (mmap) failed to map 604504064 bytes for committing reserved memory.
# Possible reasons:
#   The system is out of physical RAM or swap space
#   In 32 bit mode, the process size limit was hit
# Possible solutions:
#   Reduce memory load on the system
#   Increase physical memory or swap space
#   Check if swap backing store is full
#   Use 64 bit Java on a 64 bit OS
#   Decrease Java heap size (-Xmx/-Xms)
#   Decrease number of Java threads
#   Decrease Java thread stack sizes (-Xss)
#   Set larger code cache with -XX:ReservedCodeCacheSize=
# This output file may be truncated or incomplete.
#
#  Out of Memory Error (os_linux.cpp:2640), pid=23549, tid=0x00007f9fea5b1700
#
# JRE version: Java(TM) SE Runtime Environment (8.0_131-b11) (build 1.8.0_131-b11)
# Java VM: Java HotSpot(TM) 64-Bit Server VM (25.131-b11 mixed mode linux-amd64 compressed oops)
# Failed to write core dump. Core dumps have been disabled. To enable core dumping, try "ulimit -c unlimited" before starting Java again
#

---------------  T H R E A D  ---------------

Current thread (0x00007f9fe400a000):  JavaThread "main" [_thread_in_vm, id=23551, stack(0x00007f9fea4b1000,0x00007f9fea5b2000)]

Stack: [0x00007f9fea4b1000,0x00007f9fea5b2000],  sp=0x00007f9fea5b02c0,  free space=1020k
Native frames: (J=compiled Java code, j=interpreted, Vv=VM code, C=native code)
V  [libjvm.so+0xac826a]  VMError::report_and_die()+0x2ba
V  [libjvm.so+0x4fd4cb]  report_vm_out_of_memory(char const*, int, unsigned long, VMErrorType, char const*)+0x8b
V  [libjvm.so+0x924f53]  os::Linux::commit_memory_impl(char*, unsigned long, bool)+0x103
V  [libjvm.so+0x9254a9]  os::pd_commit_memory(char*, unsigned long, unsigned long, bool)+0x29
V  [libjvm.so+0x91f6ca]  os::commit_memory(char*, unsigned long, unsigned long, bool)+0x2a
V  [libjvm.so+0x9941e3]  PSVirtualSpace::expand_by(unsigned long)+0x53
V  [libjvm.so+0x984aa0]  PSOldGen::expand(unsigned long)+0x170
V  [libjvm.so+0x984d5a]  PSOldGen::expand_and_allocate(unsigned long)+0x1a
V  [libjvm.so+0x984e7b]  PSOldGen::allocate(unsigned long)+0xcb
V  [libjvm.so+0x948bbe]  ParallelScavengeHeap::mem_allocate(unsigned long, bool*)+0xfe
V  [libjvm.so+0xa8da7e]  TypeArrayKlass::allocate_common(int, bool, Thread*)+0x2de
V  [libjvm.so+0x9bb7c7]  OptoRuntime::new_array_nozero_C(Klass*, int, JavaThread*)+0x27
v  ~RuntimeStub::_new_array_nozero_Java
J 458% C2 java.util.AbstractMap.toString()Ljava/lang/String; (140 bytes) @ 0x00007f9fd3dee768 [0x00007f9fd3ded940+0xe28]
j  lab10.Bacon.main([Ljava/lang/String;)V+251
v  ~StubRoutines::call_stub
V  [libjvm.so+0x691d16]  JavaCalls::call_helper(JavaValue*, methodHandle*, JavaCallArguments*, Thread*)+0x1056
V  [libjvm.so+0x6d3132]  jni_invoke_static(JNIEnv_*, JavaValue*, _jobject*, JNICallType, _jmethodID*, JNI_ArgumentPusher*, Thread*)+0x362
V  [libjvm.so+0x6ef99a]  jni_CallStaticVoidMethod+0x17a
C  [libjli.so+0x7bdf]  JavaMain+0x81f
C  [libpthread.so.0+0x76ba]  start_thread+0xca

Java frames: (J=compiled Java code, j=interpreted, Vv=VM code)
v  ~RuntimeStub::_new_array_nozero_Java
J 458% C2 java.util.AbstractMap.toString()Ljava/lang/String; (140 bytes) @ 0x00007f9fd3dee768 [0x00007f9fd3ded940+0xe28]
j  lab10.Bacon.main([Ljava/lang/String;)V+251
v  ~StubRoutines::call_stub

---------------  P R O C E S S  ---------------

Java Threads: ( => current thread )
  0x00007f9fe4173000 JavaThread "Keep-Alive-Timer" daemon [_thread_blocked, id=23818, stack(0x00007f9faa3ad000,0x00007f9faa4ae000)]
  0x00007f9fe40e5000 JavaThread "Service Thread" daemon [_thread_blocked, id=23572, stack(0x00007f9faac17000,0x00007f9faad18000)]
  0x00007f9fe40c8000 JavaThread "C1 CompilerThread3" daemon [_thread_blocked, id=23571, stack(0x00007f9faad18000,0x00007f9faae19000)]
  0x00007f9fe40c6000 JavaThread "C2 CompilerThread2" daemon [_thread_blocked, id=23570, stack(0x00007f9faae19000,0x00007f9faaf1a000)]
  0x00007f9fe40c4000 JavaThread "C2 CompilerThread1" daemon [_thread_blocked, id=23569, stack(0x00007f9faaf1a000,0x00007f9fab01b000)]
  0x00007f9fe40c1000 JavaThread "C2 CompilerThread0" daemon [_thread_blocked, id=23568, stack(0x00007f9fab01b000,0x00007f9fab11c000)]
  0x00007f9fe40c0000 JavaThread "Signal Dispatcher" daemon [_thread_blocked, id=23567, stack(0x00007f9fab11c000,0x00007f9fab21d000)]
  0x00007f9fe408c800 JavaThread "Finalizer" daemon [_thread_blocked, id=23566, stack(0x00007f9fab4f5000,0x00007f9fab5f6000)]
  0x00007f9fe4088000 JavaThread "Reference Handler" daemon [_thread_blocked, id=23565, stack(0x00007f9fab5f6000,0x00007f9fab6f7000)]
=>0x00007f9fe400a000 JavaThread "main" [_thread_in_vm, id=23551, stack(0x00007f9fea4b1000,0x00007f9fea5b2000)]

Other Threads:
  0x00007f9fe4080000 VMThread [stack: 0x00007f9fab6f7000,0x00007f9fab7f8000] [id=23564]
  0x00007f9fe40e8000 WatcherThread [stack: 0x00007f9faab16000,0x00007f9faac17000] [id=23573]

VM state:not at safepoint (normal execution)

VM Mutex/Monitor currently owned by a thread:  ([mutex/lock_event])
[0x00007f9fe4005890] ExpandHeap_lock - owner thread: 0x00007f9fe400a000
[0x00007f9fe4006410] Heap_lock - owner thread: 0x00007f9fe400a000

Heap:
 PSYoungGen      total 888832K, used 731457K [0x000000076ce00000, 0x00000007c0000000, 0x00000007c0000000)
  eden space 454656K, 96% used [0x000000076ce00000,0x00000007878486d0,0x0000000788a00000)
  from space 434176K, 67% used [0x0000000788a00000,0x000000079aa08010,0x00000007a3200000)
  to   space 453632K, 0% used [0x00000007a4500000,0x00000007a4500000,0x00000007c0000000)
 ParOldGen       total 1976832K, used 1724801K [0x00000006c6a00000, 0x000000073f480000, 0x000000076ce00000)
  object space 1976832K, 87% used [0x00000006c6a00000,0x000000072fe60780,0x000000073f480000)
 Metaspace       used 4875K, capacity 4964K, committed 5248K, reserved 1056768K
  class space    used 545K, capacity 593K, committed 640K, reserved 1048576K

Card table byte_map: [0x00007f9fd300b000,0x00007f9fd37d7000] byte_map_base: 0x00007f9fcf9d6000

Marking Bits: (ParMarkBitMap*) 0x00007f9fe9992f60
 Begin Bits: [0x00007f9fca621000, 0x00007f9fce479000)
 End Bits:   [0x00007f9fce479000, 0x00007f9fd22d1000)

Polling page: 0x00007f9fea5e5000

CodeCache: size=245760Kb used=2391Kb max_used=2409Kb free=243368Kb
 bounds [0x00007f9fd3b97000, 0x00007f9fd3e07000, 0x00007f9fe2b97000]
 total_blobs=735 nmethods=459 adapters=190
 compilation: enabled

Compilation events (10 events):
Event: 130.598 Thread 0x00007f9fe40c4000  456       4       java.util.ArrayList$Itr::<init> (6 bytes)
Event: 130.599 Thread 0x00007f9fe40c4000 nmethod 456 0x00007f9fd3d8b050 code [0x00007f9fd3d8b1a0, 0x00007f9fd3d8b238]
Event: 130.599 Thread 0x00007f9fe40c4000  457       4       java.util.ArrayList$Itr::<init> (26 bytes)
Event: 130.599 Thread 0x00007f9fe40c4000 nmethod 457 0x00007f9fd3de37d0 code [0x00007f9fd3de3920, 0x00007f9fd3de39b8]
Event: 130.604 Thread 0x00007f9fe40c1000 nmethod 449 0x00007f9fd3de6310 code [0x00007f9fd3de6480, 0x00007f9fd3de6918]
Event: 130.615 Thread 0x00007f9fe40c6000 nmethod 451 0x00007f9fd3dea8d0 code [0x00007f9fd3deab00, 0x00007f9fd3dec008]
Event: 130.682 Thread 0x00007f9fe40c4000  458 %     4       java.util.AbstractMap::toString @ 37 (140 bytes)
Event: 130.762 Thread 0x00007f9fe40c4000 nmethod 458% 0x00007f9fd3ded710 code [0x00007f9fd3ded940, 0x00007f9fd3def1b8]
Event: 130.763 Thread 0x00007f9fe40c1000  459       4       java.util.AbstractMap::toString (140 bytes)
Event: 130.824 Thread 0x00007f9fe40c1000 nmethod 459 0x00007f9fd3df08d0 code [0x00007f9fd3df0b40, 0x00007f9fd3df2488]

GC Heap History (10 events):
Event: 129.186 GC heap before
{Heap before GC invocations=50 (full 5):
 PSYoungGen      total 908288K, used 545600K [0x000000076ce00000, 0x00000007c0000000, 0x00000007c0000000)
  eden space 454656K, 100% used [0x000000076ce00000,0x0000000788a00000,0x0000000788a00000)
  from space 453632K, 20% used [0x00000007a4500000,0x00000007a9dd0000,0x00000007c0000000)
  to   space 453632K, 0% used [0x0000000788a00000,0x0000000788a00000,0x00000007a4500000)
 ParOldGen       total 1976832K, used 1563682K [0x00000006c6a00000, 0x000000073f480000, 0x000000076ce00000)
  object space 1976832K, 79% used [0x00000006c6a00000,0x0000000726108a80,0x000000073f480000)
 Metaspace       used 4862K, capacity 4964K, committed 5248K, reserved 1056768K
  class space    used 542K, capacity 593K, committed 640K, reserved 1048576K
Event: 129.578 GC heap after
Heap after GC invocations=50 (full 5):
 PSYoungGen      total 908288K, used 60896K [0x000000076ce00000, 0x00000007c0000000, 0x00000007c0000000)
  eden space 454656K, 0% used [0x000000076ce00000,0x000000076ce00000,0x0000000788a00000)
  from space 453632K, 13% used [0x0000000788a00000,0x000000078c578000,0x00000007a4500000)
  to   space 453632K, 0% used [0x00000007a4500000,0x00000007a4500000,0x00000007c0000000)
 ParOldGen       total 1976832K, used 1624274K [0x00000006c6a00000, 0x000000073f480000, 0x000000076ce00000)
  object space 1976832K, 82% used [0x00000006c6a00000,0x0000000729c34a80,0x000000073f480000)
 Metaspace       used 4862K, capacity 4964K, committed 5248K, reserved 1056768K
  class space    used 542K, capacity 593K, committed 640K, reserved 1048576K
}
Event: 130.149 GC heap before
{Heap before GC invocations=51 (full 5):
 PSYoungGen      total 908288K, used 515552K [0x000000076ce00000, 0x00000007c0000000, 0x00000007c0000000)
  eden space 454656K, 100% used [0x000000076ce00000,0x0000000788a00000,0x0000000788a00000)
  from space 453632K, 13% used [0x0000000788a00000,0x000000078c578000,0x00000007a4500000)
  to   space 453632K, 0% used [0x00000007a4500000,0x00000007a4500000,0x00000007c0000000)
 ParOldGen       total 1976832K, used 1624274K [0x00000006c6a00000, 0x000000073f480000, 0x000000076ce00000)
  object space 1976832K, 82% used [0x00000006c6a00000,0x0000000729c34a80,0x000000073f480000)
 Metaspace       used 4862K, capacity 4964K, committed 5248K, reserved 1056768K
  class space    used 542K, capacity 593K, committed 640K, reserved 1048576K
Event: 130.378 GC heap after
Heap after GC invocations=51 (full 5):
 PSYoungGen      total 908288K, used 30528K [0x000000076ce00000, 0x00000007c0000000, 0x00000007c0000000)
  eden space 454656K, 0% used [0x000000076ce00000,0x000000076ce00000,0x0000000788a00000)
  from space 453632K, 6% used [0x00000007a4500000,0x00000007a62d0000,0x00000007c0000000)
  to   space 453632K, 0% used [0x0000000788a00000,0x0000000788a00000,0x00000007a4500000)
 ParOldGen       total 1976832K, used 1685305K [0x00000006c6a00000, 0x000000073f480000, 0x000000076ce00000)
  object space 1976832K, 85% used [0x00000006c6a00000,0x000000072d7ce780,0x000000073f480000)
 Metaspace       used 4862K, capacity 4964K, committed 5248K, reserved 1056768K
  class space    used 542K, capacity 593K, committed 640K, reserved 1048576K
}
Event: 131.014 GC heap before
{Heap before GC invocations=52 (full 5):
 PSYoungGen      total 908288K, used 485184K [0x000000076ce00000, 0x00000007c0000000, 0x00000007c0000000)
  eden space 454656K, 100% used [0x000000076ce00000,0x0000000788a00000,0x0000000788a00000)
  from space 453632K, 6% used [0x00000007a4500000,0x00000007a62d0000,0x00000007c0000000)
  to   space 453632K, 0% used [0x0000000788a00000,0x0000000788a00000,0x00000007a4500000)
 ParOldGen       total 1976832K, used 1685305K [0x00000006c6a00000, 0x000000073f480000, 0x000000076ce00000)
  object space 1976832K, 85% used [0x00000006c6a00000,0x000000072d7ce780,0x000000073f480000)
 Metaspace       used 4875K, capacity 4964K, committed 5248K, reserved 1056768K
  class space    used 545K, capacity 593K, committed 640K, reserved 1048576K
Event: 131.162 GC heap after
Heap after GC invocations=52 (full 5):
 PSYoungGen      total 908288K, used 82752K [0x000000076ce00000, 0x00000007c0000000, 0x00000007c0000000)
  eden space 454656K, 0% used [0x000000076ce00000,0x000000076ce00000,0x0000000788a00000)
  from space 453632K, 18% used [0x0000000788a00000,0x000000078dad0010,0x00000007a4500000)
  to   space 453632K, 0% used [0x00000007a4500000,0x00000007a4500000,0x00000007c0000000)
 ParOldGen       total 1976832K, used 1715857K [0x00000006c6a00000, 0x000000073f480000, 0x000000076ce00000)
  object space 1976832K, 86% used [0x00000006c6a00000,0x000000072f5a4780,0x000000073f480000)
 Metaspace       used 4875K, capacity 4964K, committed 5248K, reserved 1056768K
  class space    used 545K, capacity 593K, committed 640K, reserved 1048576K
}
Event: 131.941 GC heap before
{Heap before GC invocations=53 (full 5):
 PSYoungGen      total 908288K, used 537408K [0x000000076ce00000, 0x00000007c0000000, 0x00000007c0000000)
  eden space 454656K, 100% used [0x000000076ce00000,0x0000000788a00000,0x0000000788a00000)
  from space 453632K, 18% used [0x0000000788a00000,0x000000078dad0010,0x00000007a4500000)
  to   space 453632K, 0% used [0x00000007a4500000,0x00000007a4500000,0x00000007c0000000)
 ParOldGen       total 1976832K, used 1715857K [0x00000006c6a00000, 0x000000073f480000, 0x000000076ce00000)
  object space 1976832K, 86% used [0x00000006c6a00000,0x000000072f5a4780,0x000000073f480000)
 Metaspace       used 4875K, capacity 4964K, committed 5248K, reserved 1056768K
  class space    used 545K, capacity 593K, committed 640K, reserved 1048576K
Event: 132.050 GC heap after
Heap after GC invocations=53 (full 5):
 PSYoungGen      total 869376K, used 147488K [0x000000076ce00000, 0x00000007bda00000, 0x00000007c0000000)
  eden space 454656K, 0% used [0x000000076ce00000,0x000000076ce00000,0x0000000788a00000)
  from space 414720K, 35% used [0x00000007a4500000,0x00000007ad508010,0x00000007bda00000)
  to   space 434176K, 0% used [0x0000000788a00000,0x0000000788a00000,0x00000007a3200000)
 ParOldGen       total 1976832K, used 1724801K [0x00000006c6a00000, 0x000000073f480000, 0x000000076ce00000)
  object space 1976832K, 87% used [0x00000006c6a00000,0x000000072fe60780,0x000000073f480000)
 Metaspace       used 4875K, capacity 4964K, committed 5248K, reserved 1056768K
  class space    used 545K, capacity 593K, committed 640K, reserved 1048576K
}
Event: 132.416 GC heap before
{Heap before GC invocations=54 (full 5):
 PSYoungGen      total 869376K, used 602144K [0x000000076ce00000, 0x00000007bda00000, 0x00000007c0000000)
  eden space 454656K, 100% used [0x000000076ce00000,0x0000000788a00000,0x0000000788a00000)
  from space 414720K, 35% used [0x00000007a4500000,0x00000007ad508010,0x00000007bda00000)
  to   space 434176K, 0% used [0x0000000788a00000,0x0000000788a00000,0x00000007a3200000)
 ParOldGen       total 1976832K, used 1724801K [0x00000006c6a00000, 0x000000073f480000, 0x000000076ce00000)
  object space 1976832K, 87% used [0x00000006c6a00000,0x000000072fe60780,0x000000073f480000)
 Metaspace       used 4875K, capacity 4964K, committed 5248K, reserved 1056768K
  class space    used 545K, capacity 593K, committed 640K, reserved 1048576K
Event: 132.479 GC heap after
Heap after GC invocations=54 (full 5):
 PSYoungGen      total 888832K, used 294944K [0x000000076ce00000, 0x00000007c0000000, 0x00000007c0000000)
  eden space 454656K, 0% used [0x000000076ce00000,0x000000076ce00000,0x0000000788a00000)
  from space 434176K, 67% used [0x0000000788a00000,0x000000079aa08010,0x00000007a3200000)
  to   space 453632K, 0% used [0x00000007a4500000,0x00000007a4500000,0x00000007c0000000)
 ParOldGen       total 1976832K, used 1724801K [0x00000006c6a00000, 0x000000073f480000, 0x000000076ce00000)
  object space 1976832K, 87% used [0x00000006c6a00000,0x000000072fe60780,0x000000073f480000)
 Metaspace       used 4875K, capacity 4964K, committed 5248K, reserved 1056768K
  class space    used 545K, capacity 593K, committed 640K, reserved 1048576K
}

Deoptimization events (10 events):
Event: 4.714 Thread 0x00007f9fe400a000 Uncommon trap: reason=unstable_if action=reinterpret pc=0x00007f9fd3dc997c method=java.nio.Buffer.hasRemaining()Z @ 8
Event: 94.052 Thread 0x00007f9fe400a000 Uncommon trap: reason=unstable_if action=reinterpret pc=0x00007f9fd3d95fd4 method=java.util.HashMap.putVal(ILjava/lang/Object;Ljava/lang/Object;ZZ)Ljava/lang/Object; @ 162
Event: 95.273 Thread 0x00007f9fe400a000 Uncommon trap: reason=unstable_if action=reinterpret pc=0x00007f9fd3d8ad98 method=java.util.HashMap.resize()[Ljava/util/HashMap$Node; @ 206
Event: 130.531 Thread 0x00007f9fe400a000 Uncommon trap: reason=unstable_if action=reinterpret pc=0x00007f9fd3dd9398 method=java.net.AbstractPlainSocketImpl.available()I @ 41
Event: 130.531 Thread 0x00007f9fe400a000 Uncommon trap: reason=unstable_if action=reinterpret pc=0x00007f9fd3dc01f8 method=java.net.AbstractPlainSocketImpl.available()I @ 41
Event: 130.546 Thread 0x00007f9fe400a000 Uncommon trap: reason=unstable_if action=reinterpret pc=0x00007f9fd3d74618 method=java.util.HashMap.getNode(ILjava/lang/Object;)Ljava/util/HashMap$Node; @ 6
Event: 130.547 Thread 0x00007f9fe400a000 Uncommon trap: reason=unstable_if action=reinterpret pc=0x00007f9fd3db5f98 method=java.io.Reader.read(Ljava/nio/CharBuffer;)I @ 20
Event: 130.547 Thread 0x00007f9fe400a000 Uncommon trap: reason=unstable_if action=reinterpret pc=0x00007f9fd3d7a330 method=java.util.Scanner.findWithinHorizon(Ljava/util/regex/Pattern;I)Ljava/lang/String; @ 56
Event: 130.547 Thread 0x00007f9fe400a000 Uncommon trap: reason=unstable_if action=reinterpret pc=0x00007f9fd3d762ac method=java.util.Scanner.hasNextLine()Z @ 14
Event: 130.547 Thread 0x00007f9fe400a000 Uncommon trap: reason=unstable_if action=reinterpret pc=0x00007f9fd3db14e8 method=lab10.Bacon.main([Ljava/lang/String;)V @ 243

Internal exceptions (9 events):
Event: 0.044 Thread 0x00007f9fe400a000 Exception <a 'java/lang/NoSuchMethodError': Method sun.misc.Unsafe.defineClass(Ljava/lang/String;[BII)Ljava/lang/Class; name or signature does not match> (0x000000076ce07ca8) thrown at [/HUDSON/workspace/8-2-build-linux-amd64/jdk8u131/8869/hotspot/src/sha
Event: 0.044 Thread 0x00007f9fe400a000 Exception <a 'java/lang/NoSuchMethodError': Method sun.misc.Unsafe.prefetchRead(Ljava/lang/Object;J)V name or signature does not match> (0x000000076ce07f90) thrown at [/HUDSON/workspace/8-2-build-linux-amd64/jdk8u131/8869/hotspot/src/share/vm/prims/jni.cp
Event: 0.168 Thread 0x00007f9fe400a000 Exception <a 'java/lang/NoSuchFieldError': method resolution failed> (0x000000076cf32200) thrown at [/HUDSON/workspace/8-2-build-linux-amd64/jdk8u131/8869/hotspot/src/share/vm/prims/methodHandles.cpp, line 1146]
Event: 0.174 Thread 0x00007f9fe400a000 Exception <a 'java/lang/NoSuchFieldError': method resolution failed> (0x000000076cf3f600) thrown at [/HUDSON/workspace/8-2-build-linux-amd64/jdk8u131/8869/hotspot/src/share/vm/prims/methodHandles.cpp, line 1146]
Event: 0.240 Thread 0x00007f9fe400a000 Exception <a 'java/security/PrivilegedActionException'> (0x000000076d142f98) thrown at [/HUDSON/workspace/8-2-build-linux-amd64/jdk8u131/8869/hotspot/src/share/vm/prims/jvm.cpp, line 1390]
Event: 0.240 Thread 0x00007f9fe400a000 Exception <a 'java/security/PrivilegedActionException'> (0x000000076d143390) thrown at [/HUDSON/workspace/8-2-build-linux-amd64/jdk8u131/8869/hotspot/src/share/vm/prims/jvm.cpp, line 1390]
Event: 0.240 Thread 0x00007f9fe400a000 Exception <a 'java/security/PrivilegedActionException'> (0x000000076d1459e0) thrown at [/HUDSON/workspace/8-2-build-linux-amd64/jdk8u131/8869/hotspot/src/share/vm/prims/jvm.cpp, line 1390]
Event: 0.240 Thread 0x00007f9fe400a000 Exception <a 'java/security/PrivilegedActionException'> (0x000000076d145dd8) thrown at [/HUDSON/workspace/8-2-build-linux-amd64/jdk8u131/8869/hotspot/src/share/vm/prims/jvm.cpp, line 1390]
Event: 130.546 Thread 0x00007f9fe400a000 Implicit null exception at 0x00007f9fd3d74151 to 0x00007f9fd3d74601

Events (10 events):
Event: 130.547 Thread 0x00007f9fe400a000 DEOPT PACKING pc=0x00007f9fd3db14e8 sp=0x00007f9fea5b08e0
Event: 130.547 Thread 0x00007f9fe400a000 DEOPT UNPACKING pc=0x00007f9fd3b9c229 sp=0x00007f9fea5b08d0 mode 2
Event: 130.581 loading class java/util/ArrayList$1
Event: 130.598 loading class java/util/ArrayList$1 done
Event: 131.014 Executing VM operation: ParallelGCFailedAllocation
Event: 131.162 Executing VM operation: ParallelGCFailedAllocation done
Event: 131.941 Executing VM operation: ParallelGCFailedAllocation
Event: 132.050 Executing VM operation: ParallelGCFailedAllocation done
Event: 132.416 Executing VM operation: ParallelGCFailedAllocation
Event: 132.479 Executing VM operation: ParallelGCFailedAllocation done


Dynamic libraries:
00400000-00401000 r-xp 00000000 08:05 9175253                            /usr/lib/jvm/java-8-oracle/bin/java
00600000-00601000 rw-p 00000000 08:05 9175253                            /usr/lib/jvm/java-8-oracle/bin/java
01219000-0123a000 rw-p 00000000 00:00 0                                  [heap]
6c6a00000-73f480000 rw-p 00000000 00:00 0 
763500000-76ce00000 ---p 00000000 00:00 0 
76ce00000-7c0000000 rw-p 00000000 00:00 0 
7c0000000-7c00a0000 rw-p 00000000 00:00 0 
7c00a0000-800000000 ---p 00000000 00:00 0 
7f9f74000000-7f9f74021000 rw-p 00000000 00:00 0 
7f9f74021000-7f9f78000000 ---p 00000000 00:00 0 
7f9f78000000-7f9f78021000 rw-p 00000000 00:00 0 
7f9f78021000-7f9f7c000000 ---p 00000000 00:00 0 
7f9f7cfff000-7f9f80000000 rw-p 00000000 00:00 0 
7f9f80000000-7f9f80021000 rw-p 00000000 00:00 0 
7f9f80021000-7f9f84000000 ---p 00000000 00:00 0 
7f9f84000000-7f9f847f3000 rw-p 00000000 00:00 0 
7f9f847f3000-7f9f88000000 ---p 00000000 00:00 0 
7f9f88000000-7f9f882e9000 rw-p 00000000 00:00 0 
7f9f882e9000-7f9f8c000000 ---p 00000000 00:00 0 
7f9f8c000000-7f9f8c349000 rw-p 00000000 00:00 0 
7f9f8c349000-7f9f90000000 ---p 00000000 00:00 0 
7f9f90000000-7f9f902da000 rw-p 00000000 00:00 0 
7f9f902da000-7f9f94000000 ---p 00000000 00:00 0 
7f9f94000000-7f9f94021000 rw-p 00000000 00:00 0 
7f9f94021000-7f9f98000000 ---p 00000000 00:00 0 
7f9f98000000-7f9f98021000 rw-p 00000000 00:00 0 
7f9f98021000-7f9f9c000000 ---p 00000000 00:00 0 
7f9f9c000000-7f9f9c021000 rw-p 00000000 00:00 0 
7f9f9c021000-7f9fa0000000 ---p 00000000 00:00 0 
7f9fa0000000-7f9fa0021000 rw-p 00000000 00:00 0 
7f9fa0021000-7f9fa4000000 ---p 00000000 00:00 0 
7f9fa4000000-7f9fa423f000 rw-p 00000000 00:00 0 
7f9fa423f000-7f9fa8000000 ---p 00000000 00:00 0 
7f9faa126000-7f9faa3ad000 rw-p 00000000 00:00 0 
7f9faa3ad000-7f9faa3b0000 ---p 00000000 00:00 0 
7f9faa3b0000-7f9faa4ae000 rw-p 00000000 00:00 0 
7f9faa4ae000-7f9faa4c5000 r-xp 00000000 08:05 13107239                   /lib/x86_64-linux-gnu/libresolv-2.23.so
7f9faa4c5000-7f9faa6c5000 ---p 00017000 08:05 13107239                   /lib/x86_64-linux-gnu/libresolv-2.23.so
7f9faa6c5000-7f9faa6c6000 r--p 00017000 08:05 13107239                   /lib/x86_64-linux-gnu/libresolv-2.23.so
7f9faa6c6000-7f9faa6c7000 rw-p 00018000 08:05 13107239                   /lib/x86_64-linux-gnu/libresolv-2.23.so
7f9faa6c7000-7f9faa6c9000 rw-p 00000000 00:00 0 
7f9faa6c9000-7f9faa6ce000 r-xp 00000000 08:05 13107302                   /lib/x86_64-linux-gnu/libnss_dns-2.23.so
7f9faa6ce000-7f9faa8ce000 ---p 00005000 08:05 13107302                   /lib/x86_64-linux-gnu/libnss_dns-2.23.so
7f9faa8ce000-7f9faa8cf000 r--p 00005000 08:05 13107302                   /lib/x86_64-linux-gnu/libnss_dns-2.23.so
7f9faa8cf000-7f9faa8d0000 rw-p 00006000 08:05 13107302                   /lib/x86_64-linux-gnu/libnss_dns-2.23.so
7f9faa8ff000-7f9faa915000 r-xp 00000000 08:05 9185143                    /usr/lib/jvm/java-8-oracle/jre/lib/amd64/libnet.so
7f9faa915000-7f9faab15000 ---p 00016000 08:05 9185143                    /usr/lib/jvm/java-8-oracle/jre/lib/amd64/libnet.so
7f9faab15000-7f9faab16000 rw-p 00016000 08:05 9185143                    /usr/lib/jvm/java-8-oracle/jre/lib/amd64/libnet.so
7f9faab16000-7f9faab17000 ---p 00000000 00:00 0 
7f9faab17000-7f9faac17000 rw-p 00000000 00:00 0 
7f9faac17000-7f9faac1a000 ---p 00000000 00:00 0 
7f9faac1a000-7f9faad18000 rw-p 00000000 00:00 0 
7f9faad18000-7f9faad1b000 ---p 00000000 00:00 0 
7f9faad1b000-7f9faae19000 rw-p 00000000 00:00 0 
7f9faae19000-7f9faae1c000 ---p 00000000 00:00 0 
7f9faae1c000-7f9faaf1a000 rw-p 00000000 00:00 0 
7f9faaf1a000-7f9faaf1d000 ---p 00000000 00:00 0 
7f9faaf1d000-7f9fab01b000 rw-p 00000000 00:00 0 
7f9fab01b000-7f9fab01e000 ---p 00000000 00:00 0 
7f9fab01e000-7f9fab11c000 rw-p 00000000 00:00 0 
7f9fab11c000-7f9fab11f000 ---p 00000000 00:00 0 
7f9fab11f000-7f9fab21d000 rw-p 00000000 00:00 0 
7f9fab21d000-7f9fab4f5000 r--p 00000000 08:05 6030115                    /usr/lib/locale/locale-archive
7f9fab4f5000-7f9fab4f8000 ---p 00000000 00:00 0 
7f9fab4f8000-7f9fab5f6000 rw-p 00000000 00:00 0 
7f9fab5f6000-7f9fab5f9000 ---p 00000000 00:00 0 
7f9fab5f9000-7f9fab6f7000 rw-p 00000000 00:00 0 
7f9fab6f7000-7f9fab6f8000 ---p 00000000 00:00 0 
7f9fab6f8000-7f9fac000000 rw-p 00000000 00:00 0 
7f9fac000000-7f9fac06b000 rw-p 00000000 00:00 0 
7f9fac06b000-7f9fb0000000 ---p 00000000 00:00 0 
7f9fb0000000-7f9fb0207000 rw-p 00000000 00:00 0 
7f9fb0207000-7f9fb4000000 ---p 00000000 00:00 0 
7f9fb4000000-7f9fb413d000 rw-p 00000000 00:00 0 
7f9fb413d000-7f9fb8000000 ---p 00000000 00:00 0 
7f9fb8000000-7f9fb8224000 rw-p 00000000 00:00 0 
7f9fb8224000-7f9fbc000000 ---p 00000000 00:00 0 
7f9fbc000000-7f9fbc09c000 rw-p 00000000 00:00 0 
7f9fbc09c000-7f9fc0000000 ---p 00000000 00:00 0 
7f9fc0000000-7f9fc0284000 rw-p 00000000 00:00 0 
7f9fc0284000-7f9fc4000000 ---p 00000000 00:00 0 
7f9fc4000000-7f9fc41b7000 rw-p 00000000 00:00 0 
7f9fc41b7000-7f9fc8000000 ---p 00000000 00:00 0 
7f9fc800d000-7f9fc9407000 rw-p 00000000 00:00 0 
7f9fc9407000-7f9fc95e0000 r--s 03d40000 08:05 8526450                    /usr/lib/jvm/java-8-oracle/jre/lib/rt.jar
7f9fc95e0000-7f9fc9ad6000 rw-p 00000000 00:00 0 
7f9fc9ad6000-7f9fc9e56000 ---p 00000000 00:00 0 
7f9fc9e56000-7f9fd22d1000 rw-p 00000000 00:00 0 
7f9fd22d1000-7f9fd22d2000 ---p 00000000 00:00 0 
7f9fd22d2000-7f9fd23d2000 rw-p 00000000 00:00 0 
7f9fd23d2000-7f9fd23d3000 ---p 00000000 00:00 0 
7f9fd23d3000-7f9fd24d3000 rw-p 00000000 00:00 0 
7f9fd24d3000-7f9fd24d4000 ---p 00000000 00:00 0 
7f9fd24d4000-7f9fd25d4000 rw-p 00000000 00:00 0 
7f9fd25d4000-7f9fd25d5000 ---p 00000000 00:00 0 
7f9fd25d5000-7f9fd26d5000 rw-p 00000000 00:00 0 
7f9fd26d5000-7f9fd26d6000 ---p 00000000 00:00 0 
7f9fd26d6000-7f9fd27d6000 rw-p 00000000 00:00 0 
7f9fd27d6000-7f9fd27d7000 ---p 00000000 00:00 0 
7f9fd27d7000-7f9fd28d7000 rw-p 00000000 00:00 0 
7f9fd28d7000-7f9fd28d8000 ---p 00000000 00:00 0 
7f9fd28d8000-7f9fd29d8000 rw-p 00000000 00:00 0 
7f9fd29d8000-7f9fd29d9000 ---p 00000000 00:00 0 
7f9fd29d9000-7f9fd2e9f000 rw-p 00000000 00:00 0 
7f9fd2e9f000-7f9fd300b000 ---p 00000000 00:00 0 
7f9fd300b000-7f9fd33d1000 rw-p 00000000 00:00 0 
7f9fd33d1000-7f9fd353d000 ---p 00000000 00:00 0 
7f9fd353d000-7f9fd37d6000 rw-p 00000000 00:00 0 
7f9fd37d6000-7f9fd37e1000 rw-p 00000000 00:00 0 
7f9fd37e1000-7f9fd3b97000 ---p 00000000 00:00 0 
7f9fd3b97000-7f9fd3e07000 rwxp 00000000 00:00 0 
7f9fd3e07000-7f9fe2b97000 ---p 00000000 00:00 0 
7f9fe2b97000-7f9fe2bb1000 r-xp 00000000 08:05 9184436                    /usr/lib/jvm/java-8-oracle/jre/lib/amd64/libzip.so
7f9fe2bb1000-7f9fe2db1000 ---p 0001a000 08:05 9184436                    /usr/lib/jvm/java-8-oracle/jre/lib/amd64/libzip.so
7f9fe2db1000-7f9fe2db2000 rw-p 0001a000 08:05 9184436                    /usr/lib/jvm/java-8-oracle/jre/lib/amd64/libzip.so
7f9fe2db2000-7f9fe35b7000 r--s 00000000 08:05 11272208                   /var/lib/sss/mc/passwd
7f9fe35b7000-7f9fe35bf000 r-xp 00000000 08:05 13107285                   /lib/x86_64-linux-gnu/libnss_sss.so.2
7f9fe35bf000-7f9fe37be000 ---p 00008000 08:05 13107285                   /lib/x86_64-linux-gnu/libnss_sss.so.2
7f9fe37be000-7f9fe37bf000 r--p 00007000 08:05 13107285                   /lib/x86_64-linux-gnu/libnss_sss.so.2
7f9fe37bf000-7f9fe37c0000 rw-p 00008000 08:05 13107285                   /lib/x86_64-linux-gnu/libnss_sss.so.2
7f9fe37c0000-7f9fe37cb000 r-xp 00000000 08:05 13107305                   /lib/x86_64-linux-gnu/libnss_files-2.23.so
7f9fe37cb000-7f9fe39ca000 ---p 0000b000 08:05 13107305                   /lib/x86_64-linux-gnu/libnss_files-2.23.so
7f9fe39ca000-7f9fe39cb000 r--p 0000a000 08:05 13107305                   /lib/x86_64-linux-gnu/libnss_files-2.23.so
7f9fe39cb000-7f9fe39cc000 rw-p 0000b000 08:05 13107305                   /lib/x86_64-linux-gnu/libnss_files-2.23.so
7f9fe39cc000-7f9fe39d2000 rw-p 00000000 00:00 0 
7f9fe39d2000-7f9fe39dd000 r-xp 00000000 08:05 13107367                   /lib/x86_64-linux-gnu/libnss_nis-2.23.so
7f9fe39dd000-7f9fe3bdc000 ---p 0000b000 08:05 13107367                   /lib/x86_64-linux-gnu/libnss_nis-2.23.so
7f9fe3bdc000-7f9fe3bdd000 r--p 0000a000 08:05 13107367                   /lib/x86_64-linux-gnu/libnss_nis-2.23.so
7f9fe3bdd000-7f9fe3bde000 rw-p 0000b000 08:05 13107367                   /lib/x86_64-linux-gnu/libnss_nis-2.23.so
7f9fe3bde000-7f9fe3bf4000 r-xp 00000000 08:05 13107215                   /lib/x86_64-linux-gnu/libnsl-2.23.so
7f9fe3bf4000-7f9fe3df3000 ---p 00016000 08:05 13107215                   /lib/x86_64-linux-gnu/libnsl-2.23.so
7f9fe3df3000-7f9fe3df4000 r--p 00015000 08:05 13107215                   /lib/x86_64-linux-gnu/libnsl-2.23.so
7f9fe3df4000-7f9fe3df5000 rw-p 00016000 08:05 13107215                   /lib/x86_64-linux-gnu/libnsl-2.23.so
7f9fe3df5000-7f9fe3df7000 rw-p 00000000 00:00 0 
7f9fe3df7000-7f9fe3dff000 r-xp 00000000 08:05 13107300                   /lib/x86_64-linux-gnu/libnss_compat-2.23.so
7f9fe3dff000-7f9fe3ffe000 ---p 00008000 08:05 13107300                   /lib/x86_64-linux-gnu/libnss_compat-2.23.so
7f9fe3ffe000-7f9fe3fff000 r--p 00007000 08:05 13107300                   /lib/x86_64-linux-gnu/libnss_compat-2.23.so
7f9fe3fff000-7f9fe4000000 rw-p 00008000 08:05 13107300                   /lib/x86_64-linux-gnu/libnss_compat-2.23.so
7f9fe4000000-7f9fe4183000 rw-p 00000000 00:00 0 
7f9fe4183000-7f9fe8000000 ---p 00000000 00:00 0 
7f9fe8006000-7f9fe8082000 rw-p 00000000 00:00 0 
7f9fe8082000-7f9fe80ad000 r-xp 00000000 08:05 9185165                    /usr/lib/jvm/java-8-oracle/jre/lib/amd64/libjava.so
7f9fe80ad000-7f9fe82ac000 ---p 0002b000 08:05 9185165                    /usr/lib/jvm/java-8-oracle/jre/lib/amd64/libjava.so
7f9fe82ac000-7f9fe82ae000 rw-p 0002a000 08:05 9185165                    /usr/lib/jvm/java-8-oracle/jre/lib/amd64/libjava.so
7f9fe82ae000-7f9fe82bb000 r-xp 00000000 08:05 9185159                    /usr/lib/jvm/java-8-oracle/jre/lib/amd64/libverify.so
7f9fe82bb000-7f9fe84ba000 ---p 0000d000 08:05 9185159                    /usr/lib/jvm/java-8-oracle/jre/lib/amd64/libverify.so
7f9fe84ba000-7f9fe84bc000 rw-p 0000c000 08:05 9185159                    /usr/lib/jvm/java-8-oracle/jre/lib/amd64/libverify.so
7f9fe84bc000-7f9fe84c3000 r-xp 00000000 08:05 13107368                   /lib/x86_64-linux-gnu/librt-2.23.so
7f9fe84c3000-7f9fe86c2000 ---p 00007000 08:05 13107368                   /lib/x86_64-linux-gnu/librt-2.23.so
7f9fe86c2000-7f9fe86c3000 r--p 00006000 08:05 13107368                   /lib/x86_64-linux-gnu/librt-2.23.so
7f9fe86c3000-7f9fe86c4000 rw-p 00007000 08:05 13107368                   /lib/x86_64-linux-gnu/librt-2.23.so
7f9fe86c4000-7f9fe87cc000 r-xp 00000000 08:05 13107205                   /lib/x86_64-linux-gnu/libm-2.23.so
7f9fe87cc000-7f9fe89cb000 ---p 00108000 08:05 13107205                   /lib/x86_64-linux-gnu/libm-2.23.so
7f9fe89cb000-7f9fe89cc000 r--p 00107000 08:05 13107205                   /lib/x86_64-linux-gnu/libm-2.23.so
7f9fe89cc000-7f9fe89cd000 rw-p 00108000 08:05 13107205                   /lib/x86_64-linux-gnu/libm-2.23.so
7f9fe89cd000-7f9fe969c000 r-xp 00000000 08:05 9184420                    /usr/lib/jvm/java-8-oracle/jre/lib/amd64/server/libjvm.so
7f9fe969c000-7f9fe989c000 ---p 00ccf000 08:05 9184420                    /usr/lib/jvm/java-8-oracle/jre/lib/amd64/server/libjvm.so
7f9fe989c000-7f9fe9975000 rw-p 00ccf000 08:05 9184420                    /usr/lib/jvm/java-8-oracle/jre/lib/amd64/server/libjvm.so
7f9fe9975000-7f9fe99c0000 rw-p 00000000 00:00 0 
7f9fe99c0000-7f9fe9b80000 r-xp 00000000 08:05 13107228                   /lib/x86_64-linux-gnu/libc-2.23.so
7f9fe9b80000-7f9fe9d80000 ---p 001c0000 08:05 13107228                   /lib/x86_64-linux-gnu/libc-2.23.so
7f9fe9d80000-7f9fe9d84000 r--p 001c0000 08:05 13107228                   /lib/x86_64-linux-gnu/libc-2.23.so
7f9fe9d84000-7f9fe9d86000 rw-p 001c4000 08:05 13107228                   /lib/x86_64-linux-gnu/libc-2.23.so
7f9fe9d86000-7f9fe9d8a000 rw-p 00000000 00:00 0 
7f9fe9d8a000-7f9fe9d8d000 r-xp 00000000 08:05 13107237                   /lib/x86_64-linux-gnu/libdl-2.23.so
7f9fe9d8d000-7f9fe9f8c000 ---p 00003000 08:05 13107237                   /lib/x86_64-linux-gnu/libdl-2.23.so
7f9fe9f8c000-7f9fe9f8d000 r--p 00002000 08:05 13107237                   /lib/x86_64-linux-gnu/libdl-2.23.so
7f9fe9f8d000-7f9fe9f8e000 rw-p 00003000 08:05 13107237                   /lib/x86_64-linux-gnu/libdl-2.23.so
7f9fe9f8e000-7f9fe9fa3000 r-xp 00000000 08:05 9175243                    /usr/lib/jvm/java-8-oracle/lib/amd64/jli/libjli.so
7f9fe9fa3000-7f9fea1a3000 ---p 00015000 08:05 9175243                    /usr/lib/jvm/java-8-oracle/lib/amd64/jli/libjli.so
7f9fea1a3000-7f9fea1a4000 rw-p 00015000 08:05 9175243                    /usr/lib/jvm/java-8-oracle/lib/amd64/jli/libjli.so
7f9fea1a4000-7f9fea1bc000 r-xp 00000000 08:05 13107226                   /lib/x86_64-linux-gnu/libpthread-2.23.so
7f9fea1bc000-7f9fea3bb000 ---p 00018000 08:05 13107226                   /lib/x86_64-linux-gnu/libpthread-2.23.so
7f9fea3bb000-7f9fea3bc000 r--p 00017000 08:05 13107226                   /lib/x86_64-linux-gnu/libpthread-2.23.so
7f9fea3bc000-7f9fea3bd000 rw-p 00018000 08:05 13107226                   /lib/x86_64-linux-gnu/libpthread-2.23.so
7f9fea3bd000-7f9fea3c1000 rw-p 00000000 00:00 0 
7f9fea3c1000-7f9fea3e7000 r-xp 00000000 08:05 13107219                   /lib/x86_64-linux-gnu/ld-2.23.so
7f9fea3ec000-7f9fea4b1000 rw-p 00000000 00:00 0 
7f9fea4b1000-7f9fea4b4000 ---p 00000000 00:00 0 
7f9fea4b4000-7f9fea5b7000 rw-p 00000000 00:00 0 
7f9fea5bb000-7f9fea5dc000 rw-p 00000000 00:00 0 
7f9fea5dc000-7f9fea5e4000 rw-s 00000000 08:05 10224978                   /tmp/hsperfdata_makramer/23549
7f9fea5e4000-7f9fea5e5000 rw-p 00000000 00:00 0 
7f9fea5e5000-7f9fea5e6000 r--p 00000000 00:00 0 
7f9fea5e6000-7f9fea5e7000 r--p 00025000 08:05 13107219                   /lib/x86_64-linux-gnu/ld-2.23.so
7f9fea5e7000-7f9fea5e8000 rw-p 00026000 08:05 13107219                   /lib/x86_64-linux-gnu/ld-2.23.so
7f9fea5e8000-7f9fea5e9000 rw-p 00000000 00:00 0 
7ffe53b58000-7ffe53b7a000 rw-p 00000000 00:00 0                          [stack]
7ffe53b9b000-7ffe53b9e000 r--p 00000000 00:00 0                          [vvar]
7ffe53b9e000-7ffe53ba0000 r-xp 00000000 00:00 0                          [vdso]
ffffffffff600000-ffffffffff601000 r-xp 00000000 00:00 0                  [vsyscall]

VM Arguments:
jvm_args: -Dfile.encoding=UTF-8 
java_command: lab10.Bacon http://www.cs.oberlin.edu/~jdonalds/imdb/imdb.full.txt
java_class_path (initial): /usr/users/quota/students/2018/makramer/cs151/lab10
Launcher Type: SUN_STANDARD

Environment Variables:
JAVA_HOME=/usr/lib/jvm/java-8-oracle
PATH=/usr/local/sbin:/usr/local/bin:/usr/sbin:/usr/bin:/sbin:/bin:/usr/games:/usr/local/games:/snap/bin:/usr/lib/jvm/java-8-oracle/bin:/usr/lib/jvm/java-8-oracle/db/bin:/usr/lib/jvm/java-8-oracle/jre/bin
SHELL=/bin/bash
DISPLAY=:0.0

Signal Handlers:
SIGSEGV: [libjvm.so+0xac8af0], sa_mask[0]=11111111011111111101111111111110, sa_flags=SA_RESTART|SA_SIGINFO
SIGBUS: [libjvm.so+0xac8af0], sa_mask[0]=11111111011111111101111111111110, sa_flags=SA_RESTART|SA_SIGINFO
SIGFPE: [libjvm.so+0x921dd0], sa_mask[0]=11111111011111111101111111111110, sa_flags=SA_RESTART|SA_SIGINFO
SIGPIPE: [libjvm.so+0x921dd0], sa_mask[0]=11111111011111111101111111111110, sa_flags=SA_RESTART|SA_SIGINFO
SIGXFSZ: [libjvm.so+0x921dd0], sa_mask[0]=11111111011111111101111111111110, sa_flags=SA_RESTART|SA_SIGINFO
SIGILL: [libjvm.so+0x921dd0], sa_mask[0]=11111111011111111101111111111110, sa_flags=SA_RESTART|SA_SIGINFO
SIGUSR1: SIG_DFL, sa_mask[0]=00000000000000000000000000000000, sa_flags=none
SIGUSR2: [libjvm.so+0x923610], sa_mask[0]=00100000000000000000000000000000, sa_flags=SA_RESTART|SA_SIGINFO
SIGHUP: [libjvm.so+0x924a10], sa_mask[0]=11111111011111111101111111111110, sa_flags=SA_RESTART|SA_SIGINFO
SIGINT: [libjvm.so+0x924a10], sa_mask[0]=11111111011111111101111111111110, sa_flags=SA_RESTART|SA_SIGINFO
SIGTERM: [libjvm.so+0x924a10], sa_mask[0]=11111111011111111101111111111110, sa_flags=SA_RESTART|SA_SIGINFO
SIGQUIT: [libjvm.so+0x924a10], sa_mask[0]=11111111011111111101111111111110, sa_flags=SA_RESTART|SA_SIGINFO


---------------  S Y S T E M  ---------------

OS:DISTRIB_ID=Ubuntu
DISTRIB_RELEASE=16.04
DISTRIB_CODENAME=xenial
DISTRIB_DESCRIPTION="Ubuntu 16.04.5 LTS"

uname:Linux 4.4.0-134-generic #160-Ubuntu SMP Wed Aug 15 14:58:00 UTC 2018 x86_64
libc:glibc 2.23 NPTL 2.23 
rlimit: STACK 8192k, CORE 0k, NPROC 63668, NOFILE 1048576, AS infinity
load average:24.27 9.97 3.81

/proc/meminfo:
MemTotal:       16341716 kB
MemFree:          280840 kB
MemAvailable:     263040 kB
Buffers:           18984 kB
Cached:           355432 kB
SwapCached:            0 kB
Active:         15485276 kB
Inactive:         309492 kB
Active(anon):   15461424 kB
Inactive(anon):   122516 kB
Active(file):      23852 kB
Inactive(file):   186976 kB
Unevictable:          64 kB
Mlocked:              64 kB
SwapTotal:             0 kB
SwapFree:              0 kB
Dirty:                68 kB
Writeback:             0 kB
AnonPages:      15421228 kB
Mapped:           244904 kB
Shmem:            163084 kB
Slab:             101548 kB
SReclaimable:      46216 kB
SUnreclaim:        55332 kB
KernelStack:       13680 kB
PageTables:        79928 kB
NFS_Unstable:       1068 kB
Bounce:                0 kB
WritebackTmp:          0 kB
CommitLimit:     8170856 kB
Committed_AS:   20964672 kB
VmallocTotal:   34359738367 kB
VmallocUsed:           0 kB
VmallocChunk:          0 kB
HardwareCorrupted:     0 kB
AnonHugePages:         0 kB
CmaTotal:              0 kB
CmaFree:               0 kB
HugePages_Total:       0
HugePages_Free:        0
HugePages_Rsvd:        0
HugePages_Surp:        0
Hugepagesize:       2048 kB
DirectMap4k:      214964 kB
DirectMap2M:     8083456 kB
DirectMap1G:     9437184 kB


CPU:total 8 (initial active 8) (4 cores per cpu, 2 threads per core) family 6 model 60 stepping 3, cmov, cx8, fxsr, mmx, sse, sse2, sse3, ssse3, sse4.1, sse4.2, popcnt, avx, avx2, aes, clmul, erms, lzcnt, ht, tsc, tscinvbit, bmi1, bmi2

/proc/cpuinfo:
processor	: 0
vendor_id	: GenuineIntel
cpu family	: 6
model		: 60
model name	: Intel(R) Core(TM) i7-4770S CPU @ 3.10GHz
stepping	: 3
microcode	: 0x24
cpu MHz		: 3499.972
cache size	: 8192 KB
physical id	: 0
siblings	: 8
core id		: 0
cpu cores	: 4
apicid		: 0
initial apicid	: 0
fpu		: yes
fpu_exception	: yes
cpuid level	: 13
wp		: yes
flags		: fpu vme de pse tsc msr pae mce cx8 apic sep mtrr pge mca cmov pat pse36 clflush dts acpi mmx fxsr sse sse2 ss ht tm pbe syscall nx pdpe1gb rdtscp lm constant_tsc arch_perfmon pebs bts rep_good nopl xtopology nonstop_tsc aperfmperf pni pclmulqdq dtes64 monitor ds_cpl vmx smx est tm2 ssse3 sdbg fma cx16 xtpr pdcm pcid sse4_1 sse4_2 x2apic movbe popcnt tsc_deadline_timer aes xsave avx f16c rdrand lahf_lm abm epb invpcid_single ibrs ibpb stibp kaiser tpr_shadow vnmi flexpriority ept vpid fsgsbase tsc_adjust bmi1 avx2 smep bmi2 erms invpcid xsaveopt dtherm ida arat pln pts
bugs		: cpu_meltdown spectre_v1 spectre_v2 spec_store_bypass l1tf
bogomips	: 6186.02
clflush size	: 64
cache_alignment	: 64
address sizes	: 39 bits physical, 48 bits virtual
power management:

processor	: 1
vendor_id	: GenuineIntel
cpu family	: 6
model		: 60
model name	: Intel(R) Core(TM) i7-4770S CPU @ 3.10GHz
stepping	: 3
microcode	: 0x24
cpu MHz		: 3499.972
cache size	: 8192 KB
physical id	: 0
siblings	: 8
core id		: 1
cpu cores	: 4
apicid		: 2
initial apicid	: 2
fpu		: yes
fpu_exception	: yes
cpuid level	: 13
wp		: yes
flags		: fpu vme de pse tsc msr pae mce cx8 apic sep mtrr pge mca cmov pat pse36 clflush dts acpi mmx fxsr sse sse2 ss ht tm pbe syscall nx pdpe1gb rdtscp lm constant_tsc arch_perfmon pebs bts rep_good nopl xtopology nonstop_tsc aperfmperf pni pclmulqdq dtes64 monitor ds_cpl vmx smx est tm2 ssse3 sdbg fma cx16 xtpr pdcm pcid sse4_1 sse4_2 x2apic movbe popcnt tsc_deadline_timer aes xsave avx f16c rdrand lahf_lm abm epb invpcid_single ibrs ibpb stibp kaiser tpr_shadow vnmi flexpriority ept vpid fsgsbase tsc_adjust bmi1 avx2 smep bmi2 erms invpcid xsaveopt dtherm ida arat pln pts
bugs		: cpu_meltdown spectre_v1 spectre_v2 spec_store_bypass l1tf
bogomips	: 6186.02
clflush size	: 64
cache_alignment	: 64
address sizes	: 39 bits physical, 48 bits virtual
power management:

processor	: 2
vendor_id	: GenuineIntel
cpu family	: 6
model		: 60
model name	: Intel(R) Core(TM) i7-4770S CPU @ 3.10GHz
stepping	: 3
microcode	: 0x24
cpu MHz		: 3499.972
cache size	: 8192 KB
physical id	: 0
siblings	: 8
core id		: 2
cpu cores	: 4
apicid		: 4
initial apicid	: 4
fpu		: yes
fpu_exception	: yes
cpuid level	: 13
wp		: yes
flags		: fpu vme de pse tsc msr pae mce cx8 apic sep mtrr pge mca cmov pat pse36 clflush dts acpi mmx fxsr sse sse2 ss ht tm pbe syscall nx pdpe1gb rdtscp lm constant_tsc arch_perfmon pebs bts rep_good nopl xtopology nonstop_tsc aperfmperf pni pclmulqdq dtes64 monitor ds_cpl vmx smx est tm2 ssse3 sdbg fma cx16 xtpr pdcm pcid sse4_1 sse4_2 x2apic movbe popcnt tsc_deadline_timer aes xsave avx f16c rdrand lahf_lm abm epb invpcid_single ibrs ibpb stibp kaiser tpr_shadow vnmi flexpriority ept vpid fsgsbase tsc_adjust bmi1 avx2 smep bmi2 erms invpcid xsaveopt dtherm ida arat pln pts
bugs		: cpu_meltdown spectre_v1 spectre_v2 spec_store_bypass l1tf
bogomips	: 6186.02
clflush size	: 64
cache_alignment	: 64
address sizes	: 39 bits physical, 48 bits virtual
power management:

processor	: 3
vendor_id	: GenuineIntel
cpu family	: 6
model		: 60
model name	: Intel(R) Core(TM) i7-4770S CPU @ 3.10GHz
stepping	: 3
microcode	: 0x24
cpu MHz		: 3499.972
cache size	: 8192 KB
physical id	: 0
siblings	: 8
core id		: 3
cpu cores	: 4
apicid		: 6
initial apicid	: 6
fpu		: yes
fpu_exception	: yes
cpuid level	: 13
wp		: yes
flags		: fpu vme de pse tsc msr pae mce cx8 apic sep mtrr pge mca cmov pat pse36 clflush dts acpi mmx fxsr sse sse2 ss ht tm pbe syscall nx pdpe1gb rdtscp lm constant_tsc arch_perfmon pebs bts rep_good nopl xtopology nonstop_tsc aperfmperf pni pclmulqdq dtes64 monitor ds_cpl vmx smx est tm2 ssse3 sdbg fma cx16 xtpr pdcm pcid sse4_1 sse4_2 x2apic movbe popcnt tsc_deadline_timer aes xsave avx f16c rdrand lahf_lm abm epb invpcid_single ibrs ibpb stibp kaiser tpr_shadow vnmi flexpriority ept vpid fsgsbase tsc_adjust bmi1 avx2 smep bmi2 erms invpcid xsaveopt dtherm ida arat pln pts
bugs		: cpu_meltdown spectre_v1 spectre_v2 spec_store_bypass l1tf
bogomips	: 6186.02
clflush size	: 64
cache_alignment	: 64
address sizes	: 39 bits physical, 48 bits virtual
power management:

processor	: 4
vendor_id	: GenuineIntel
cpu family	: 6
model		: 60
model name	: Intel(R) Core(TM) i7-4770S CPU @ 3.10GHz
stepping	: 3
microcode	: 0x24
cpu MHz		: 3499.972
cache size	: 8192 KB
physical id	: 0
siblings	: 8
core id		: 0
cpu cores	: 4
apicid		: 1
initial apicid	: 1
fpu		: yes
fpu_exception	: yes
cpuid level	: 13
wp		: yes
flags		: fpu vme de pse tsc msr pae mce cx8 apic sep mtrr pge mca cmov pat pse36 clflush dts acpi mmx fxsr sse sse2 ss ht tm pbe syscall nx pdpe1gb rdtscp lm constant_tsc arch_perfmon pebs bts rep_good nopl xtopology nonstop_tsc aperfmperf pni pclmulqdq dtes64 monitor ds_cpl vmx smx est tm2 ssse3 sdbg fma cx16 xtpr pdcm pcid sse4_1 sse4_2 x2apic movbe popcnt tsc_deadline_timer aes xsave avx f16c rdrand lahf_lm abm epb invpcid_single ibrs ibpb stibp kaiser tpr_shadow vnmi flexpriority ept vpid fsgsbase tsc_adjust bmi1 avx2 smep bmi2 erms invpcid xsaveopt dtherm ida arat pln pts
bugs		: cpu_meltdown spectre_v1 spectre_v2 spec_store_bypass l1tf
bogomips	: 6186.02
clflush size	: 64
cache_alignment	: 64
address sizes	: 39 bits physical, 48 bits virtual
power management:

processor	: 5
vendor_id	: GenuineIntel
cpu family	: 6
model		: 60
model name	: Intel(R) Core(TM) i7-4770S CPU @ 3.10GHz
stepping	: 3
microcode	: 0x24
cpu MHz		: 3499.972
cache size	: 8192 KB
physical id	: 0
siblings	: 8
core id		: 1
cpu cores	: 4
apicid		: 3
initial apicid	: 3
fpu		: yes
fpu_exception	: yes
cpuid level	: 13
wp		: yes
flags		: fpu vme de pse tsc msr pae mce cx8 apic sep mtrr pge mca cmov pat pse36 clflush dts acpi mmx fxsr sse sse2 ss ht tm pbe syscall nx pdpe1gb rdtscp lm constant_tsc arch_perfmon pebs bts rep_good nopl xtopology nonstop_tsc aperfmperf pni pclmulqdq dtes64 monitor ds_cpl vmx smx est tm2 ssse3 sdbg fma cx16 xtpr pdcm pcid sse4_1 sse4_2 x2apic movbe popcnt tsc_deadline_timer aes xsave avx f16c rdrand lahf_lm abm epb invpcid_single ibrs ibpb stibp kaiser tpr_shadow vnmi flexpriority ept vpid fsgsbase tsc_adjust bmi1 avx2 smep bmi2 erms invpcid xsaveopt dtherm ida arat pln pts
bugs		: cpu_meltdown spectre_v1 spectre_v2 spec_store_bypass l1tf
bogomips	: 6186.02
clflush size	: 64
cache_alignment	: 64
address sizes	: 39 bits physical, 48 bits virtual
power management:

processor	: 6
vendor_id	: GenuineIntel
cpu family	: 6
model		: 60
model name	: Intel(R) Core(TM) i7-4770S CPU @ 3.10GHz
stepping	: 3
microcode	: 0x24
cpu MHz		: 3499.972
cache size	: 8192 KB
physical id	: 0
siblings	: 8
core id		: 2
cpu cores	: 4
apicid		: 5
initial apicid	: 5
fpu		: yes
fpu_exception	: yes
cpuid level	: 13
wp		: yes
flags		: fpu vme de pse tsc msr pae mce cx8 apic sep mtrr pge mca cmov pat pse36 clflush dts acpi mmx fxsr sse sse2 ss ht tm pbe syscall nx pdpe1gb rdtscp lm constant_tsc arch_perfmon pebs bts rep_good nopl xtopology nonstop_tsc aperfmperf pni pclmulqdq dtes64 monitor ds_cpl vmx smx est tm2 ssse3 sdbg fma cx16 xtpr pdcm pcid sse4_1 sse4_2 x2apic movbe popcnt tsc_deadline_timer aes xsave avx f16c rdrand lahf_lm abm epb invpcid_single ibrs ibpb stibp kaiser tpr_shadow vnmi flexpriority ept vpid fsgsbase tsc_adjust bmi1 avx2 smep bmi2 erms invpcid xsaveopt dtherm ida arat pln pts
bugs		: cpu_meltdown spectre_v1 spectre_v2 spec_store_bypass l1tf
bogomips	: 6186.02
clflush size	: 64
cache_alignment	: 64
address sizes	: 39 bits physical, 48 bits virtual
power management:

processor	: 7
vendor_id	: GenuineIntel
cpu family	: 6
model		: 60
model name	: Intel(R) Core(TM) i7-4770S CPU @ 3.10GHz
stepping	: 3
microcode	: 0x24
cpu MHz		: 3499.972
cache size	: 8192 KB
physical id	: 0
siblings	: 8
core id		: 3
cpu cores	: 4
apicid		: 7
initial apicid	: 7
fpu		: yes
fpu_exception	: yes
cpuid level	: 13
wp		: yes
flags		: fpu vme de pse tsc msr pae mce cx8 apic sep mtrr pge mca cmov pat pse36 clflush dts acpi mmx fxsr sse sse2 ss ht tm pbe syscall nx pdpe1gb rdtscp lm constant_tsc arch_perfmon pebs bts rep_good nopl xtopology nonstop_tsc aperfmperf pni pclmulqdq dtes64 monitor ds_cpl vmx smx est tm2 ssse3 sdbg fma cx16 xtpr pdcm pcid sse4_1 sse4_2 x2apic movbe popcnt tsc_deadline_timer aes xsave avx f16c rdrand lahf_lm abm epb invpcid_single ibrs ibpb stibp kaiser tpr_shadow vnmi flexpriority ept vpid fsgsbase tsc_adjust bmi1 avx2 smep bmi2 erms invpcid xsaveopt dtherm ida arat pln pts
bugs		: cpu_meltdown spectre_v1 spectre_v2 spec_store_bypass l1tf
bogomips	: 6186.02
clflush size	: 64
cache_alignment	: 64
address sizes	: 39 bits physical, 48 bits virtual
power management:



Memory: 4k page, physical 16341716k(280840k free), swap 0k(0k free)

vm_info: Java HotSpot(TM) 64-Bit Server VM (25.131-b11) for linux-amd64 JRE (1.8.0_131-b11), built on Mar 15 2017 01:23:40 by "java_re" with gcc 4.3.0 20080428 (Red Hat 4.3.0-8)

time: Sat Dec  8 15:28:39 2018
elapsed time: 133 seconds (0d 0h 2m 13s)

